[2025-12-02 00:47:48Z INFO HostContext] No proxy settings were found based on environmental variables (http_proxy/https_proxy/HTTP_PROXY/HTTPS_PROXY)
[2025-12-02 00:47:48Z INFO HostContext] Well known directory 'Bin': 'C:\Users\Usuario\Desktop\papelaria-crud-tcc\actions-runner\bin'
[2025-12-02 00:47:48Z INFO HostContext] Well known directory 'Root': 'C:\Users\Usuario\Desktop\papelaria-crud-tcc\actions-runner'
[2025-12-02 00:47:48Z INFO HostContext] Well known config file 'Credentials': 'C:\Users\Usuario\Desktop\papelaria-crud-tcc\actions-runner\.credentials'
[2025-12-02 00:47:49Z INFO HostContext] Well known directory 'Bin': 'C:\Users\Usuario\Desktop\papelaria-crud-tcc\actions-runner\bin'
[2025-12-02 00:47:49Z INFO HostContext] Well known directory 'Root': 'C:\Users\Usuario\Desktop\papelaria-crud-tcc\actions-runner'
[2025-12-02 00:47:49Z INFO HostContext] Well known config file 'Runner': 'C:\Users\Usuario\Desktop\papelaria-crud-tcc\actions-runner\.runner'
[2025-12-02 00:47:49Z INFO Listener] Runner is built for Windows (X64) - win-x64.
[2025-12-02 00:47:49Z INFO Listener] RuntimeInformation: Microsoft Windows 10.0.26200.
[2025-12-02 00:47:49Z INFO Listener] Version: 2.329.0
[2025-12-02 00:47:49Z INFO Listener] Commit: c76c59996c8fa32e989164a5a695efb12608ae5a
[2025-12-02 00:47:49Z INFO Listener] Culture: pt-BR
[2025-12-02 00:47:49Z INFO Listener] UI Culture: pt-BR
[2025-12-02 00:47:49Z INFO HostContext] Well known directory 'Bin': 'C:\Users\Usuario\Desktop\papelaria-crud-tcc\actions-runner\bin'
[2025-12-02 00:47:49Z INFO HostContext] Well known directory 'Root': 'C:\Users\Usuario\Desktop\papelaria-crud-tcc\actions-runner'
[2025-12-02 00:47:49Z INFO Listener] Validating directory permissions for: 'C:\Users\Usuario\Desktop\papelaria-crud-tcc\actions-runner'
[2025-12-02 00:47:49Z INFO CommandLineParser] Parse
[2025-12-02 00:47:49Z INFO CommandLineParser] Parsing 1 args
[2025-12-02 00:47:49Z INFO CommandLineParser] parsing argument
[2025-12-02 00:47:49Z INFO CommandLineParser] HasArgs: False
[2025-12-02 00:47:49Z INFO CommandLineParser] Adding Command: run
[2025-12-02 00:47:49Z INFO Listener] Arguments parsed
[2025-12-02 00:47:49Z INFO Runner] ExecuteCommand
[2025-12-02 00:47:49Z INFO ConfigurationStore] currentAssemblyLocation: C:\Users\Usuario\Desktop\papelaria-crud-tcc\actions-runner\bin\Runner.Listener.dll
[2025-12-02 00:47:49Z INFO HostContext] Well known directory 'Bin': 'C:\Users\Usuario\Desktop\papelaria-crud-tcc\actions-runner\bin'
[2025-12-02 00:47:49Z INFO ConfigurationStore] binPath: C:\Users\Usuario\Desktop\papelaria-crud-tcc\actions-runner\bin
[2025-12-02 00:47:49Z INFO HostContext] Well known directory 'Bin': 'C:\Users\Usuario\Desktop\papelaria-crud-tcc\actions-runner\bin'
[2025-12-02 00:47:49Z INFO HostContext] Well known directory 'Root': 'C:\Users\Usuario\Desktop\papelaria-crud-tcc\actions-runner'
[2025-12-02 00:47:49Z INFO ConfigurationStore] RootFolder: C:\Users\Usuario\Desktop\papelaria-crud-tcc\actions-runner
[2025-12-02 00:47:49Z INFO HostContext] Well known directory 'Bin': 'C:\Users\Usuario\Desktop\papelaria-crud-tcc\actions-runner\bin'
[2025-12-02 00:47:49Z INFO HostContext] Well known directory 'Root': 'C:\Users\Usuario\Desktop\papelaria-crud-tcc\actions-runner'
[2025-12-02 00:47:49Z INFO HostContext] Well known config file 'Runner': 'C:\Users\Usuario\Desktop\papelaria-crud-tcc\actions-runner\.runner'
[2025-12-02 00:47:49Z INFO ConfigurationStore] ConfigFilePath: C:\Users\Usuario\Desktop\papelaria-crud-tcc\actions-runner\.runner
[2025-12-02 00:47:49Z INFO HostContext] Well known directory 'Bin': 'C:\Users\Usuario\Desktop\papelaria-crud-tcc\actions-runner\bin'
[2025-12-02 00:47:49Z INFO HostContext] Well known directory 'Root': 'C:\Users\Usuario\Desktop\papelaria-crud-tcc\actions-runner'
[2025-12-02 00:47:49Z INFO HostContext] Well known config file 'MigratedRunner': 'C:\Users\Usuario\Desktop\papelaria-crud-tcc\actions-runner\.runner_migrated'
[2025-12-02 00:47:49Z INFO ConfigurationStore] MigratedConfigFilePath: C:\Users\Usuario\Desktop\papelaria-crud-tcc\actions-runner\.runner_migrated
[2025-12-02 00:47:49Z INFO HostContext] Well known directory 'Bin': 'C:\Users\Usuario\Desktop\papelaria-crud-tcc\actions-runner\bin'
[2025-12-02 00:47:49Z INFO HostContext] Well known directory 'Root': 'C:\Users\Usuario\Desktop\papelaria-crud-tcc\actions-runner'
[2025-12-02 00:47:49Z INFO HostContext] Well known config file 'Credentials': 'C:\Users\Usuario\Desktop\papelaria-crud-tcc\actions-runner\.credentials'
[2025-12-02 00:47:49Z INFO ConfigurationStore] CredFilePath: C:\Users\Usuario\Desktop\papelaria-crud-tcc\actions-runner\.credentials
[2025-12-02 00:47:49Z INFO HostContext] Well known directory 'Bin': 'C:\Users\Usuario\Desktop\papelaria-crud-tcc\actions-runner\bin'
[2025-12-02 00:47:49Z INFO HostContext] Well known directory 'Root': 'C:\Users\Usuario\Desktop\papelaria-crud-tcc\actions-runner'
[2025-12-02 00:47:49Z INFO HostContext] Well known config file 'MigratedCredentials': 'C:\Users\Usuario\Desktop\papelaria-crud-tcc\actions-runner\.credentials_migrated'
[2025-12-02 00:47:49Z INFO ConfigurationStore] MigratedCredFilePath: C:\Users\Usuario\Desktop\papelaria-crud-tcc\actions-runner\.credentials_migrated
[2025-12-02 00:47:49Z INFO HostContext] Well known directory 'Bin': 'C:\Users\Usuario\Desktop\papelaria-crud-tcc\actions-runner\bin'
[2025-12-02 00:47:49Z INFO HostContext] Well known directory 'Root': 'C:\Users\Usuario\Desktop\papelaria-crud-tcc\actions-runner'
[2025-12-02 00:47:49Z INFO HostContext] Well known config file 'Service': 'C:\Users\Usuario\Desktop\papelaria-crud-tcc\actions-runner\.service'
[2025-12-02 00:47:49Z INFO ConfigurationStore] ServiceConfigFilePath: C:\Users\Usuario\Desktop\papelaria-crud-tcc\actions-runner\.service
[2025-12-02 00:47:49Z INFO CommandSettings] Flag 'help': 'False'
[2025-12-02 00:47:49Z INFO CommandSettings] Flag 'version': 'False'
[2025-12-02 00:47:49Z INFO CommandSettings] Flag 'commit': 'False'
[2025-12-02 00:47:49Z INFO CommandSettings] Flag 'check': 'False'
[2025-12-02 00:47:49Z INFO CommandSettings] Command 'configure': 'False'
[2025-12-02 00:47:49Z INFO CommandSettings] Command 'remove': 'False'
[2025-12-02 00:47:49Z INFO CommandSettings] Command 'warmup': 'False'
[2025-12-02 00:47:49Z INFO ConfigurationManager] LoadSettings
[2025-12-02 00:47:49Z INFO ConfigurationStore] IsConfigured()
[2025-12-02 00:47:49Z INFO ConfigurationStore] IsConfigured: True
[2025-12-02 00:47:49Z INFO ConfigurationManager] Is configured: True
[2025-12-02 00:47:49Z INFO ConfigurationStore] Read setting file: 406 chars
[2025-12-02 00:47:49Z INFO ConfigurationManager] Settings Loaded
[2025-12-02 00:47:49Z INFO ConfigurationStore] IsServiceConfigured()
[2025-12-02 00:47:49Z INFO ConfigurationStore] IsServiceConfigured: False
[2025-12-02 00:47:49Z INFO CommandSettings] Command 'run': 'True'
[2025-12-02 00:47:49Z INFO ConfigurationStore] IsConfigured()
[2025-12-02 00:47:49Z INFO ConfigurationStore] IsConfigured: True
[2025-12-02 00:47:49Z INFO ConfigurationManager] Is configured: True
[2025-12-02 00:47:49Z INFO Runner] Could not parse the argument value '' for StartupType. Defaulting to Manual
[2025-12-02 00:47:49Z INFO Runner] Set runner startup type - Manual
[2025-12-02 00:47:49Z INFO CommandSettings] Flag 'once': 'False'
[2025-12-02 00:47:49Z INFO CommandSettings] Flag 'once': 'False'
[2025-12-02 00:47:49Z INFO Runner] RunAsync
[2025-12-02 00:47:49Z INFO ConfigurationManager] LoadMigratedSettings
[2025-12-02 00:47:49Z INFO ConfigurationStore] IsMigratedConfigured()
[2025-12-02 00:47:49Z INFO ConfigurationStore] IsMigratedConfigured: False
[2025-12-02 00:47:49Z INFO Runner] Failed to load migrated settings: No migrated configuration found.
[2025-12-02 00:47:49Z INFO Runner] Falling back to original .runner settings
[2025-12-02 00:47:49Z INFO Runner] Using BrokerMessageListener
[2025-12-02 00:47:49Z INFO BrokerMessageListener] Using provided settings
[2025-12-02 00:47:49Z INFO BrokerMessageListener] {
  "AgentId": 22,
  "AgentName": "papelaria-runner",
  "PoolId": 1,
  "PoolName": "Default",
  "ServerUrl": "https://pipelinesghubeus4.actions.githubusercontent.com/qegPUPmeLhp26835BeH2fAE177RMxEkizJV2z1gXKTxFyi3lvN/",
  "GitHubUrl": "https://github.com/brenoveroneze/reservas-api",
  "WorkFolder": "_work",
  "UseV2Flow": true,
  "ServerUrlV2": "https://broker.actions.githubusercontent.com/"
}
[2025-12-02 00:47:49Z INFO BrokerMessageListener] Loading Credentials
[2025-12-02 00:47:49Z INFO ConfigurationStore] HasCredentials()
[2025-12-02 00:47:49Z INFO ConfigurationStore] stored True
[2025-12-02 00:47:49Z INFO CredentialManager] GetCredentialProvider
[2025-12-02 00:47:49Z INFO CredentialManager] Creating type OAuth
[2025-12-02 00:47:49Z INFO CredentialManager] Creating credential type: OAuth
[2025-12-02 00:47:49Z INFO HostContext] Well known directory 'Bin': 'C:\Users\Usuario\Desktop\papelaria-crud-tcc\actions-runner\bin'
[2025-12-02 00:47:49Z INFO HostContext] Well known directory 'Root': 'C:\Users\Usuario\Desktop\papelaria-crud-tcc\actions-runner'
[2025-12-02 00:47:49Z INFO HostContext] Well known config file 'RSACredentials': 'C:\Users\Usuario\Desktop\papelaria-crud-tcc\actions-runner\.credentials_rsaparams'
[2025-12-02 00:47:49Z INFO RSAEncryptedFileKeyManager] Loading RSA key parameters from file C:\Users\Usuario\Desktop\papelaria-crud-tcc\actions-runner\.credentials_rsaparams
[2025-12-02 00:47:49Z INFO BrokerMessageListener] Attempt to create session.
[2025-12-02 00:47:49Z INFO BrokerMessageListener] Connecting to the Broker Server...
[2025-12-02 00:47:49Z INFO ConfigurationStore] HasCredentials()
[2025-12-02 00:47:49Z INFO ConfigurationStore] stored True
[2025-12-02 00:47:49Z INFO CredentialManager] GetCredentialProvider
[2025-12-02 00:47:49Z INFO CredentialManager] Creating type OAuth
[2025-12-02 00:47:49Z INFO CredentialManager] Creating credential type: OAuth
[2025-12-02 00:47:49Z INFO RSAEncryptedFileKeyManager] Loading RSA key parameters from file C:\Users\Usuario\Desktop\papelaria-crud-tcc\actions-runner\.credentials_rsaparams
[2025-12-02 00:47:49Z INFO BrokerMessageListener] VssConnection created
[2025-12-02 00:47:49Z INFO BrokerMessageListener] Connecting to the Runner server...
[2025-12-02 00:47:49Z INFO RunnerServer] EstablishVssConnection
[2025-12-02 00:47:49Z INFO RunnerServer] Establish connection with 100 seconds timeout.
[2025-12-02 00:47:49Z INFO GitHubActionsService] Starting operation Location.GetConnectionData
[2025-12-02 00:47:49Z INFO RunnerServer] EstablishVssConnection
[2025-12-02 00:47:49Z INFO RunnerServer] Establish connection with 60 seconds timeout.
[2025-12-02 00:47:49Z INFO GitHubActionsService] Starting operation Location.GetConnectionData
[2025-12-02 00:47:49Z INFO RunnerServer] EstablishVssConnection
[2025-12-02 00:47:49Z INFO RunnerServer] Establish connection with 60 seconds timeout.
[2025-12-02 00:47:49Z INFO GitHubActionsService] Starting operation Location.GetConnectionData
[2025-12-02 00:47:49Z INFO GitHubActionsService] Finished operation Location.GetConnectionData
[2025-12-02 00:47:49Z INFO GitHubActionsService] Finished operation Location.GetConnectionData
[2025-12-02 00:47:49Z INFO GitHubActionsService] Finished operation Location.GetConnectionData
[2025-12-02 00:47:49Z INFO BrokerMessageListener] VssConnection created
[2025-12-02 00:47:49Z INFO Terminal] WRITE LINE: 
[2025-12-02 00:47:49Z INFO Terminal] WRITE LINE: 
[2025-12-02 00:47:49Z INFO RSAEncryptedFileKeyManager] Loading RSA key parameters from file C:\Users\Usuario\Desktop\papelaria-crud-tcc\actions-runner\.credentials_rsaparams
[2025-12-02 00:47:49Z INFO RSAEncryptedFileKeyManager] Loading RSA key parameters from file C:\Users\Usuario\Desktop\papelaria-crud-tcc\actions-runner\.credentials_rsaparams
[2025-12-02 00:47:50Z INFO GitHubActionsService] AAD Correlation ID for this token request: Unknown
[2025-12-02 00:47:50Z INFO BrokerMessageListener] Session created.
[2025-12-02 00:47:50Z INFO Terminal] WRITE LINE: Current runner version: '2.329.0'
[2025-12-02 00:47:50Z INFO Terminal] WRITE LINE: 2025-12-02 00:47:50Z: Listening for Jobs
[2025-12-02 00:47:50Z INFO JobDispatcher] Set runner/worker IPC timeout to 30 seconds.
[2025-12-02 00:47:51Z INFO BrokerMessageListener] Acknowledging runner request '7a12528f-7316-5e8e-88d1-51a00b505ede'.
[2025-12-02 00:47:51Z INFO ConfigurationStore] HasCredentials()
[2025-12-02 00:47:51Z INFO ConfigurationStore] stored True
[2025-12-02 00:47:51Z INFO CredentialManager] GetCredentialProvider
[2025-12-02 00:47:51Z INFO CredentialManager] Creating type OAuth
[2025-12-02 00:47:51Z INFO CredentialManager] Creating credential type: OAuth
[2025-12-02 00:47:51Z INFO RSAEncryptedFileKeyManager] Loading RSA key parameters from file C:\Users\Usuario\Desktop\papelaria-crud-tcc\actions-runner\.credentials_rsaparams
[2025-12-02 00:47:51Z INFO RSAEncryptedFileKeyManager] Loading RSA key parameters from file C:\Users\Usuario\Desktop\papelaria-crud-tcc\actions-runner\.credentials_rsaparams
[2025-12-02 00:47:51Z INFO RSAEncryptedFileKeyManager] Loading RSA key parameters from file C:\Users\Usuario\Desktop\papelaria-crud-tcc\actions-runner\.credentials_rsaparams
[2025-12-02 00:47:51Z INFO GitHubActionsService] AAD Correlation ID for this token request: Unknown
[2025-12-02 00:47:52Z INFO JobDispatcher] Job request 0 for plan 93b1c73b-cbd3-4a5c-bd5e-3b5e6e704a14 job 7a12528f-7316-5e8e-88d1-51a00b505ede received.
[2025-12-02 00:47:52Z INFO JobDispatcher] Pull OrchestrationId 93b1c73b-cbd3-4a5c-bd5e-3b5e6e704a14.quality-check.__default from JWT claims
[2025-12-02 00:47:52Z INFO BrokerMessageListener] Received job status event. JobState: Busy
[2025-12-02 00:47:52Z INFO BrokerMessageListener] _getMessagesTokenSource is already disposed.
[2025-12-02 00:47:52Z INFO Terminal] WRITE LINE: 2025-12-02 00:47:52Z: Running job: quality-check
[2025-12-02 00:47:52Z INFO JobDispatcher] Start renew job request 0 for job 7a12528f-7316-5e8e-88d1-51a00b505ede.
[2025-12-02 00:47:53Z INFO JobDispatcher] Successfully renew job 7a12528f-7316-5e8e-88d1-51a00b505ede, job is valid till 02/12/2025 00:57:56
[2025-12-02 00:47:53Z INFO HostContext] Well known directory 'Bin': 'C:\Users\Usuario\Desktop\papelaria-crud-tcc\actions-runner\bin'
[2025-12-02 00:47:53Z INFO ProcessInvokerWrapper] Starting process:
[2025-12-02 00:47:53Z INFO ProcessInvokerWrapper]   File name: 'C:\Users\Usuario\Desktop\papelaria-crud-tcc\actions-runner\bin\Runner.Worker.exe'
[2025-12-02 00:47:53Z INFO ProcessInvokerWrapper]   Arguments: 'spawnclient 2324 2336'
[2025-12-02 00:47:53Z INFO ProcessInvokerWrapper]   Working directory: 'C:\Users\Usuario\Desktop\papelaria-crud-tcc\actions-runner\bin'
[2025-12-02 00:47:53Z INFO ProcessInvokerWrapper]   Require exit code zero: 'False'
[2025-12-02 00:47:53Z INFO ProcessInvokerWrapper]   Encoding web name:  ; code page: ''
[2025-12-02 00:47:53Z INFO ProcessInvokerWrapper]   Force kill process on cancellation: 'True'
[2025-12-02 00:47:53Z INFO ProcessInvokerWrapper]   Redirected STDIN: 'False'
[2025-12-02 00:47:53Z INFO ProcessInvokerWrapper]   Persist current code page: 'False'
[2025-12-02 00:47:53Z INFO ProcessInvokerWrapper]   Keep redirected STDIN open: 'False'
[2025-12-02 00:47:53Z INFO ProcessInvokerWrapper]   High priority process: 'True'
[2025-12-02 00:47:53Z INFO ProcessInvokerWrapper] Process started with process id 11272, waiting for process exit.
[2025-12-02 00:47:53Z INFO JobDispatcher] Send job request message to worker for job 7a12528f-7316-5e8e-88d1-51a00b505ede.
[2025-12-02 00:47:53Z INFO ProcessChannel] Sending message of length 21887, with hash '52a9d3b2819b5be9a8150a9712c911382d9813f651e97bdbf7826876838f77f3'
[2025-12-02 00:47:53Z INFO JobNotification] Entering JobStarted Notification
[2025-12-02 00:47:53Z INFO JobNotification] Entering StartMonitor
[2025-12-02 00:48:53Z INFO JobDispatcher] Successfully renew job 7a12528f-7316-5e8e-88d1-51a00b505ede, job is valid till 02/12/2025 00:58:56
[2025-12-02 00:49:53Z INFO JobDispatcher] Successfully renew job 7a12528f-7316-5e8e-88d1-51a00b505ede, job is valid till 02/12/2025 00:59:56
[2025-12-02 00:50:23Z INFO ProcessInvokerWrapper] STDOUT/STDERR stream read finished.
[2025-12-02 00:50:23Z INFO ProcessInvokerWrapper] STDOUT/STDERR stream read finished.
[2025-12-02 00:50:23Z INFO ProcessInvokerWrapper] Finished process 11272 with exit code 100, and elapsed time 00:02:30.1822474.
[2025-12-02 00:50:23Z INFO JobDispatcher] Worker finished for job 7a12528f-7316-5e8e-88d1-51a00b505ede. Code: 100
[2025-12-02 00:50:23Z INFO JobDispatcher] finish job request for job 7a12528f-7316-5e8e-88d1-51a00b505ede with result: Succeeded
[2025-12-02 00:50:23Z INFO Terminal] WRITE LINE: 2025-12-02 00:50:23Z: Job quality-check completed with result: Succeeded
[2025-12-02 00:50:23Z INFO JobDispatcher] Stop renew job request for job 7a12528f-7316-5e8e-88d1-51a00b505ede.
[2025-12-02 00:50:23Z INFO JobDispatcher] job renew has been cancelled, stop renew job 7a12528f-7316-5e8e-88d1-51a00b505ede.
[2025-12-02 00:50:23Z INFO JobNotification] Entering JobCompleted Notification
[2025-12-02 00:50:23Z INFO JobNotification] Entering EndMonitor
[2025-12-02 00:50:23Z INFO BrokerMessageListener] Received job status event. JobState: Online
[2025-12-02 00:50:23Z WARN GitHubActionsService] GET request to https://broker.actions.githubusercontent.com/message?sessionId=6a8ca347-df83-4dce-9bb1-c756abcc5d82&status=Busy&runnerVersion=2.329.0&os=Windows&architecture=X64&disableUpdate=false has been cancelled.
[2025-12-02 00:50:23Z ERR  BrokerServer] Catch exception during request
[2025-12-02 00:50:23Z ERR  BrokerServer] System.Threading.Tasks.TaskCanceledException: The operation was canceled.
 ---> System.Threading.Tasks.TaskCanceledException: The operation was canceled.
 ---> System.IO.IOException: Unable to read data from the transport connection: A operação de E/S foi anulada devido a uma saída de thread ou a uma requisição de aplicativo..
 ---> System.Net.Sockets.SocketException (995): A operação de E/S foi anulada devido a uma saída de thread ou a uma requisição de aplicativo.
   --- End of inner exception stack trace ---
   at System.Net.Sockets.Socket.AwaitableSocketAsyncEventArgs.ThrowException(SocketError error, CancellationToken cancellationToken)
   at System.Net.Sockets.Socket.AwaitableSocketAsyncEventArgs.System.Threading.Tasks.Sources.IValueTaskSource<System.Int32>.GetResult(Int16 token)
   at System.Net.Security.SslStream.EnsureFullTlsFrameAsync[TIOAdapter](CancellationToken cancellationToken, Int32 estimatedSize)
   at System.Runtime.CompilerServices.PoolingAsyncValueTaskMethodBuilder`1.StateMachineBox`1.System.Threading.Tasks.Sources.IValueTaskSource<TResult>.GetResult(Int16 token)
   at System.Net.Security.SslStream.ReadAsyncInternal[TIOAdapter](Memory`1 buffer, CancellationToken cancellationToken)
   at System.Runtime.CompilerServices.PoolingAsyncValueTaskMethodBuilder`1.StateMachineBox`1.System.Threading.Tasks.Sources.IValueTaskSource<TResult>.GetResult(Int16 token)
   at System.Net.Http.HttpConnection.SendAsync(HttpRequestMessage request, Boolean async, CancellationToken cancellationToken)
   --- End of inner exception stack trace ---
   at System.Net.Http.HttpConnection.SendAsync(HttpRequestMessage request, Boolean async, CancellationToken cancellationToken)
   at System.Net.Http.AuthenticationHelper.SendWithNtAuthAsync(HttpRequestMessage request, Uri authUri, Boolean async, ICredentials credentials, Boolean isProxyAuth, HttpConnection connection, HttpConnectionPool connectionPool, CancellationToken cancellationToken)
   at System.Net.Http.HttpConnectionPool.SendWithVersionDetectionAndRetryAsync(HttpRequestMessage request, Boolean async, Boolean doRequestAuth, CancellationToken cancellationToken)
   at System.Net.Http.AuthenticationHelper.SendWithAuthAsync(HttpRequestMessage request, Uri authUri, Boolean async, ICredentials credentials, Boolean preAuthenticate, Boolean isProxyAuth, Boolean doRequestAuth, HttpConnectionPool pool, CancellationToken cancellationToken)
   at System.Net.Http.RedirectHandler.SendAsync(HttpRequestMessage request, Boolean async, CancellationToken cancellationToken)
   at GitHub.Services.Common.RawHttpMessageHandler.SendAsync(HttpRequestMessage request, CancellationToken cancellationToken)
   at GitHub.Services.Common.VssHttpRetryMessageHandler.SendAsync(HttpRequestMessage request, CancellationToken cancellationToken)
   at System.Net.Http.HttpClient.<SendAsync>g__Core|83_0(HttpRequestMessage request, HttpCompletionOption completionOption, CancellationTokenSource cts, Boolean disposeCts, CancellationTokenSource pendingRequestsCts, CancellationToken originalCancellationToken)
   --- End of inner exception stack trace ---
   at System.Net.Http.HttpClient.HandleFailure(Exception e, Boolean telemetryStarted, HttpResponseMessage response, CancellationTokenSource cts, CancellationToken cancellationToken, CancellationTokenSource pendingRequestsCts)
   at System.Net.Http.HttpClient.<SendAsync>g__Core|83_0(HttpRequestMessage request, HttpCompletionOption completionOption, CancellationTokenSource cts, Boolean disposeCts, CancellationTokenSource pendingRequestsCts, CancellationToken originalCancellationToken)
   at Sdk.WebApi.WebApi.RawHttpClientBase.SendAsync(HttpRequestMessage message, HttpCompletionOption completionOption, Object userState, CancellationToken cancellationToken)
   at Sdk.WebApi.WebApi.RawHttpClientBase.SendAsync[T](HttpRequestMessage message, Boolean readErrorBody, Object userState, CancellationToken cancellationToken)
   at Sdk.WebApi.WebApi.RawHttpClientBase.SendAsync[T](HttpMethod method, IEnumerable`1 additionalHeaders, Uri requestUri, HttpContent content, IEnumerable`1 queryParameters, Boolean readErrorBody, Object userState, CancellationToken cancellationToken)
   at GitHub.Actions.RunService.WebApi.BrokerHttpClient.GetRunnerMessageAsync(Nullable`1 sessionId, String runnerVersion, Nullable`1 status, String os, String architecture, Nullable`1 disableUpdate, CancellationToken cancellationToken)
   at GitHub.Runner.Common.BrokerServer.<>c__DisplayClass7_0.<<GetRunnerMessageAsync>b__0>d.MoveNext()
--- End of stack trace from previous location ---
   at GitHub.Runner.Common.RunnerService.RetryRequest[T](Func`1 func, CancellationToken cancellationToken, Int32 maxAttempts, Func`2 shouldRetry)
[2025-12-02 00:50:23Z ERR  BrokerServer] #####################################################
[2025-12-02 00:50:23Z ERR  BrokerServer] System.Threading.Tasks.TaskCanceledException: The operation was canceled.
 ---> System.IO.IOException: Unable to read data from the transport connection: A operação de E/S foi anulada devido a uma saída de thread ou a uma requisição de aplicativo..
 ---> System.Net.Sockets.SocketException (995): A operação de E/S foi anulada devido a uma saída de thread ou a uma requisição de aplicativo.
   --- End of inner exception stack trace ---
   at System.Net.Sockets.Socket.AwaitableSocketAsyncEventArgs.ThrowException(SocketError error, CancellationToken cancellationToken)
   at System.Net.Sockets.Socket.AwaitableSocketAsyncEventArgs.System.Threading.Tasks.Sources.IValueTaskSource<System.Int32>.GetResult(Int16 token)
   at System.Net.Security.SslStream.EnsureFullTlsFrameAsync[TIOAdapter](CancellationToken cancellationToken, Int32 estimatedSize)
   at System.Runtime.CompilerServices.PoolingAsyncValueTaskMethodBuilder`1.StateMachineBox`1.System.Threading.Tasks.Sources.IValueTaskSource<TResult>.GetResult(Int16 token)
   at System.Net.Security.SslStream.ReadAsyncInternal[TIOAdapter](Memory`1 buffer, CancellationToken cancellationToken)
   at System.Runtime.CompilerServices.PoolingAsyncValueTaskMethodBuilder`1.StateMachineBox`1.System.Threading.Tasks.Sources.IValueTaskSource<TResult>.GetResult(Int16 token)
   at System.Net.Http.HttpConnection.SendAsync(HttpRequestMessage request, Boolean async, CancellationToken cancellationToken)
   --- End of inner exception stack trace ---
   at System.Net.Http.HttpConnection.SendAsync(HttpRequestMessage request, Boolean async, CancellationToken cancellationToken)
   at System.Net.Http.AuthenticationHelper.SendWithNtAuthAsync(HttpRequestMessage request, Uri authUri, Boolean async, ICredentials credentials, Boolean isProxyAuth, HttpConnection connection, HttpConnectionPool connectionPool, CancellationToken cancellationToken)
   at System.Net.Http.HttpConnectionPool.SendWithVersionDetectionAndRetryAsync(HttpRequestMessage request, Boolean async, Boolean doRequestAuth, CancellationToken cancellationToken)
   at System.Net.Http.AuthenticationHelper.SendWithAuthAsync(HttpRequestMessage request, Uri authUri, Boolean async, ICredentials credentials, Boolean preAuthenticate, Boolean isProxyAuth, Boolean doRequestAuth, HttpConnectionPool pool, CancellationToken cancellationToken)
   at System.Net.Http.RedirectHandler.SendAsync(HttpRequestMessage request, Boolean async, CancellationToken cancellationToken)
   at GitHub.Services.Common.RawHttpMessageHandler.SendAsync(HttpRequestMessage request, CancellationToken cancellationToken)
   at GitHub.Services.Common.VssHttpRetryMessageHandler.SendAsync(HttpRequestMessage request, CancellationToken cancellationToken)
   at System.Net.Http.HttpClient.<SendAsync>g__Core|83_0(HttpRequestMessage request, HttpCompletionOption completionOption, CancellationTokenSource cts, Boolean disposeCts, CancellationTokenSource pendingRequestsCts, CancellationToken originalCancellationToken)
[2025-12-02 00:50:23Z ERR  BrokerServer] #####################################################
[2025-12-02 00:50:23Z ERR  BrokerServer] System.IO.IOException: Unable to read data from the transport connection: A operação de E/S foi anulada devido a uma saída de thread ou a uma requisição de aplicativo..
 ---> System.Net.Sockets.SocketException (995): A operação de E/S foi anulada devido a uma saída de thread ou a uma requisição de aplicativo.
   --- End of inner exception stack trace ---
   at System.Net.Sockets.Socket.AwaitableSocketAsyncEventArgs.ThrowException(SocketError error, CancellationToken cancellationToken)
   at System.Net.Sockets.Socket.AwaitableSocketAsyncEventArgs.System.Threading.Tasks.Sources.IValueTaskSource<System.Int32>.GetResult(Int16 token)
   at System.Net.Security.SslStream.EnsureFullTlsFrameAsync[TIOAdapter](CancellationToken cancellationToken, Int32 estimatedSize)
   at System.Runtime.CompilerServices.PoolingAsyncValueTaskMethodBuilder`1.StateMachineBox`1.System.Threading.Tasks.Sources.IValueTaskSource<TResult>.GetResult(Int16 token)
   at System.Net.Security.SslStream.ReadAsyncInternal[TIOAdapter](Memory`1 buffer, CancellationToken cancellationToken)
   at System.Runtime.CompilerServices.PoolingAsyncValueTaskMethodBuilder`1.StateMachineBox`1.System.Threading.Tasks.Sources.IValueTaskSource<TResult>.GetResult(Int16 token)
   at System.Net.Http.HttpConnection.SendAsync(HttpRequestMessage request, Boolean async, CancellationToken cancellationToken)
[2025-12-02 00:50:23Z ERR  BrokerServer] #####################################################
[2025-12-02 00:50:23Z ERR  BrokerServer] System.Net.Sockets.SocketException (995): A operação de E/S foi anulada devido a uma saída de thread ou a uma requisição de aplicativo.
[2025-12-02 00:50:23Z WARN BrokerServer] Back off 10,565 seconds before next retry. 4 attempt left.
[2025-12-02 00:50:23Z INFO BrokerMessageListener] Get messages has been cancelled using local token source. Continue to get messages with new status.
[2025-12-02 00:51:49Z INFO Terminal] WRITE LINE: Exiting...
[2025-12-02 00:51:49Z INFO ConfigurationStore] IsServiceConfigured()
[2025-12-02 00:51:49Z INFO ConfigurationStore] IsServiceConfigured: False
[2025-12-02 00:51:49Z INFO HostContext] Runner will be shutdown for UserCancelled
[2025-12-02 00:51:49Z WARN GitHubActionsService] GET request to https://broker.actions.githubusercontent.com/message?sessionId=6a8ca347-df83-4dce-9bb1-c756abcc5d82&status=Online&runnerVersion=2.329.0&os=Windows&architecture=X64&disableUpdate=false has been cancelled.
[2025-12-02 00:51:49Z ERR  BrokerServer] Catch exception during request
[2025-12-02 00:51:49Z ERR  BrokerServer] System.Threading.Tasks.TaskCanceledException: The operation was canceled.
 ---> System.Threading.Tasks.TaskCanceledException: The operation was canceled.
 ---> System.IO.IOException: Unable to read data from the transport connection: A operação de E/S foi anulada devido a uma saída de thread ou a uma requisição de aplicativo..
 ---> System.Net.Sockets.SocketException (995): A operação de E/S foi anulada devido a uma saída de thread ou a uma requisição de aplicativo.
   --- End of inner exception stack trace ---
   at System.Net.Sockets.Socket.AwaitableSocketAsyncEventArgs.ThrowException(SocketError error, CancellationToken cancellationToken)
   at System.Net.Sockets.Socket.AwaitableSocketAsyncEventArgs.System.Threading.Tasks.Sources.IValueTaskSource<System.Int32>.GetResult(Int16 token)
   at System.Net.Security.SslStream.EnsureFullTlsFrameAsync[TIOAdapter](CancellationToken cancellationToken, Int32 estimatedSize)
   at System.Runtime.CompilerServices.PoolingAsyncValueTaskMethodBuilder`1.StateMachineBox`1.System.Threading.Tasks.Sources.IValueTaskSource<TResult>.GetResult(Int16 token)
   at System.Net.Security.SslStream.ReadAsyncInternal[TIOAdapter](Memory`1 buffer, CancellationToken cancellationToken)
   at System.Runtime.CompilerServices.PoolingAsyncValueTaskMethodBuilder`1.StateMachineBox`1.System.Threading.Tasks.Sources.IValueTaskSource<TResult>.GetResult(Int16 token)
   at System.Net.Http.HttpConnection.SendAsync(HttpRequestMessage request, Boolean async, CancellationToken cancellationToken)
   --- End of inner exception stack trace ---
   at System.Net.Http.HttpConnection.SendAsync(HttpRequestMessage request, Boolean async, CancellationToken cancellationToken)
   at System.Net.Http.AuthenticationHelper.SendWithNtAuthAsync(HttpRequestMessage request, Uri authUri, Boolean async, ICredentials credentials, Boolean isProxyAuth, HttpConnection connection, HttpConnectionPool connectionPool, CancellationToken cancellationToken)
   at System.Net.Http.HttpConnectionPool.SendWithVersionDetectionAndRetryAsync(HttpRequestMessage request, Boolean async, Boolean doRequestAuth, CancellationToken cancellationToken)
   at System.Net.Http.AuthenticationHelper.SendWithAuthAsync(HttpRequestMessage request, Uri authUri, Boolean async, ICredentials credentials, Boolean preAuthenticate, Boolean isProxyAuth, Boolean doRequestAuth, HttpConnectionPool pool, CancellationToken cancellationToken)
   at System.Net.Http.RedirectHandler.SendAsync(HttpRequestMessage request, Boolean async, CancellationToken cancellationToken)
   at GitHub.Services.Common.RawHttpMessageHandler.SendAsync(HttpRequestMessage request, CancellationToken cancellationToken)
   at GitHub.Services.Common.VssHttpRetryMessageHandler.SendAsync(HttpRequestMessage request, CancellationToken cancellationToken)
   at System.Net.Http.HttpClient.<SendAsync>g__Core|83_0(HttpRequestMessage request, HttpCompletionOption completionOption, CancellationTokenSource cts, Boolean disposeCts, CancellationTokenSource pendingRequestsCts, CancellationToken originalCancellationToken)
   --- End of inner exception stack trace ---
   at System.Net.Http.HttpClient.HandleFailure(Exception e, Boolean telemetryStarted, HttpResponseMessage response, CancellationTokenSource cts, CancellationToken cancellationToken, CancellationTokenSource pendingRequestsCts)
   at System.Net.Http.HttpClient.<SendAsync>g__Core|83_0(HttpRequestMessage request, HttpCompletionOption completionOption, CancellationTokenSource cts, Boolean disposeCts, CancellationTokenSource pendingRequestsCts, CancellationToken originalCancellationToken)
   at Sdk.WebApi.WebApi.RawHttpClientBase.SendAsync(HttpRequestMessage message, HttpCompletionOption completionOption, Object userState, CancellationToken cancellationToken)
   at Sdk.WebApi.WebApi.RawHttpClientBase.SendAsync[T](HttpRequestMessage message, Boolean readErrorBody, Object userState, CancellationToken cancellationToken)
   at Sdk.WebApi.WebApi.RawHttpClientBase.SendAsync[T](HttpMethod method, IEnumerable`1 additionalHeaders, Uri requestUri, HttpContent content, IEnumerable`1 queryParameters, Boolean readErrorBody, Object userState, CancellationToken cancellationToken)
   at GitHub.Actions.RunService.WebApi.BrokerHttpClient.GetRunnerMessageAsync(Nullable`1 sessionId, String runnerVersion, Nullable`1 status, String os, String architecture, Nullable`1 disableUpdate, CancellationToken cancellationToken)
   at GitHub.Runner.Common.BrokerServer.<>c__DisplayClass7_0.<<GetRunnerMessageAsync>b__0>d.MoveNext()
--- End of stack trace from previous location ---
   at GitHub.Runner.Common.RunnerService.RetryRequest[T](Func`1 func, CancellationToken cancellationToken, Int32 maxAttempts, Func`2 shouldRetry)
[2025-12-02 00:51:49Z ERR  BrokerServer] #####################################################
[2025-12-02 00:51:49Z ERR  BrokerServer] System.Threading.Tasks.TaskCanceledException: The operation was canceled.
 ---> System.IO.IOException: Unable to read data from the transport connection: A operação de E/S foi anulada devido a uma saída de thread ou a uma requisição de aplicativo..
 ---> System.Net.Sockets.SocketException (995): A operação de E/S foi anulada devido a uma saída de thread ou a uma requisição de aplicativo.
   --- End of inner exception stack trace ---
   at System.Net.Sockets.Socket.AwaitableSocketAsyncEventArgs.ThrowException(SocketError error, CancellationToken cancellationToken)
   at System.Net.Sockets.Socket.AwaitableSocketAsyncEventArgs.System.Threading.Tasks.Sources.IValueTaskSource<System.Int32>.GetResult(Int16 token)
   at System.Net.Security.SslStream.EnsureFullTlsFrameAsync[TIOAdapter](CancellationToken cancellationToken, Int32 estimatedSize)
   at System.Runtime.CompilerServices.PoolingAsyncValueTaskMethodBuilder`1.StateMachineBox`1.System.Threading.Tasks.Sources.IValueTaskSource<TResult>.GetResult(Int16 token)
   at System.Net.Security.SslStream.ReadAsyncInternal[TIOAdapter](Memory`1 buffer, CancellationToken cancellationToken)
   at System.Runtime.CompilerServices.PoolingAsyncValueTaskMethodBuilder`1.StateMachineBox`1.System.Threading.Tasks.Sources.IValueTaskSource<TResult>.GetResult(Int16 token)
   at System.Net.Http.HttpConnection.SendAsync(HttpRequestMessage request, Boolean async, CancellationToken cancellationToken)
   --- End of inner exception stack trace ---
   at System.Net.Http.HttpConnection.SendAsync(HttpRequestMessage request, Boolean async, CancellationToken cancellationToken)
   at System.Net.Http.AuthenticationHelper.SendWithNtAuthAsync(HttpRequestMessage request, Uri authUri, Boolean async, ICredentials credentials, Boolean isProxyAuth, HttpConnection connection, HttpConnectionPool connectionPool, CancellationToken cancellationToken)
   at System.Net.Http.HttpConnectionPool.SendWithVersionDetectionAndRetryAsync(HttpRequestMessage request, Boolean async, Boolean doRequestAuth, CancellationToken cancellationToken)
   at System.Net.Http.AuthenticationHelper.SendWithAuthAsync(HttpRequestMessage request, Uri authUri, Boolean async, ICredentials credentials, Boolean preAuthenticate, Boolean isProxyAuth, Boolean doRequestAuth, HttpConnectionPool pool, CancellationToken cancellationToken)
   at System.Net.Http.RedirectHandler.SendAsync(HttpRequestMessage request, Boolean async, CancellationToken cancellationToken)
   at GitHub.Services.Common.RawHttpMessageHandler.SendAsync(HttpRequestMessage request, CancellationToken cancellationToken)
   at GitHub.Services.Common.VssHttpRetryMessageHandler.SendAsync(HttpRequestMessage request, CancellationToken cancellationToken)
   at System.Net.Http.HttpClient.<SendAsync>g__Core|83_0(HttpRequestMessage request, HttpCompletionOption completionOption, CancellationTokenSource cts, Boolean disposeCts, CancellationTokenSource pendingRequestsCts, CancellationToken originalCancellationToken)
[2025-12-02 00:51:49Z ERR  BrokerServer] #####################################################
[2025-12-02 00:51:49Z ERR  BrokerServer] System.IO.IOException: Unable to read data from the transport connection: A operação de E/S foi anulada devido a uma saída de thread ou a uma requisição de aplicativo..
 ---> System.Net.Sockets.SocketException (995): A operação de E/S foi anulada devido a uma saída de thread ou a uma requisição de aplicativo.
   --- End of inner exception stack trace ---
   at System.Net.Sockets.Socket.AwaitableSocketAsyncEventArgs.ThrowException(SocketError error, CancellationToken cancellationToken)
   at System.Net.Sockets.Socket.AwaitableSocketAsyncEventArgs.System.Threading.Tasks.Sources.IValueTaskSource<System.Int32>.GetResult(Int16 token)
   at System.Net.Security.SslStream.EnsureFullTlsFrameAsync[TIOAdapter](CancellationToken cancellationToken, Int32 estimatedSize)
   at System.Runtime.CompilerServices.PoolingAsyncValueTaskMethodBuilder`1.StateMachineBox`1.System.Threading.Tasks.Sources.IValueTaskSource<TResult>.GetResult(Int16 token)
   at System.Net.Security.SslStream.ReadAsyncInternal[TIOAdapter](Memory`1 buffer, CancellationToken cancellationToken)
   at System.Runtime.CompilerServices.PoolingAsyncValueTaskMethodBuilder`1.StateMachineBox`1.System.Threading.Tasks.Sources.IValueTaskSource<TResult>.GetResult(Int16 token)
   at System.Net.Http.HttpConnection.SendAsync(HttpRequestMessage request, Boolean async, CancellationToken cancellationToken)
[2025-12-02 00:51:49Z ERR  BrokerServer] #####################################################
[2025-12-02 00:51:49Z ERR  BrokerServer] System.Net.Sockets.SocketException (995): A operação de E/S foi anulada devido a uma saída de thread ou a uma requisição de aplicativo.
[2025-12-02 00:51:49Z WARN BrokerServer] Back off 8,829 seconds before next retry. 4 attempt left.
[2025-12-02 00:51:49Z INFO BrokerMessageListener] Get next message has been cancelled.
[2025-12-02 00:51:49Z INFO JobDispatcher] Shutting down JobDispatcher. Make sure all WorkerDispatcher has finished.
[2025-12-02 00:51:49Z INFO JobDispatcher] Ensure WorkerDispatcher for job 7a12528f-7316-5e8e-88d1-51a00b505ede run to finish, cancel any running job.
[2025-12-02 00:51:49Z INFO JobDispatcher] Job request 7a12528f-7316-5e8e-88d1-51a00b505ede processed succeed.
[2025-12-02 00:51:49Z INFO Runner] Deleting Runner Session...
[2025-12-02 00:51:49Z INFO Listener] Runner execution been cancelled.
