[2025-12-02 00:07:54Z INFO HostContext] No proxy settings were found based on environmental variables (http_proxy/https_proxy/HTTP_PROXY/HTTPS_PROXY)
[2025-12-02 00:07:54Z INFO HostContext] Well known directory 'Bin': 'C:\Users\Usuario\Desktop\papelaria-crud-tcc\actions-runner\bin'
[2025-12-02 00:07:54Z INFO HostContext] Well known directory 'Root': 'C:\Users\Usuario\Desktop\papelaria-crud-tcc\actions-runner'
[2025-12-02 00:07:54Z INFO HostContext] Well known config file 'Credentials': 'C:\Users\Usuario\Desktop\papelaria-crud-tcc\actions-runner\.credentials'
[2025-12-02 00:07:55Z INFO HostContext] Well known directory 'Bin': 'C:\Users\Usuario\Desktop\papelaria-crud-tcc\actions-runner\bin'
[2025-12-02 00:07:55Z INFO HostContext] Well known directory 'Root': 'C:\Users\Usuario\Desktop\papelaria-crud-tcc\actions-runner'
[2025-12-02 00:07:55Z INFO HostContext] Well known config file 'Runner': 'C:\Users\Usuario\Desktop\papelaria-crud-tcc\actions-runner\.runner'
[2025-12-02 00:07:55Z INFO Listener] Runner is built for Windows (X64) - win-x64.
[2025-12-02 00:07:55Z INFO Listener] RuntimeInformation: Microsoft Windows 10.0.26200.
[2025-12-02 00:07:55Z INFO Listener] Version: 2.329.0
[2025-12-02 00:07:55Z INFO Listener] Commit: c76c59996c8fa32e989164a5a695efb12608ae5a
[2025-12-02 00:07:55Z INFO Listener] Culture: pt-BR
[2025-12-02 00:07:55Z INFO Listener] UI Culture: pt-BR
[2025-12-02 00:07:55Z INFO HostContext] Well known directory 'Bin': 'C:\Users\Usuario\Desktop\papelaria-crud-tcc\actions-runner\bin'
[2025-12-02 00:07:55Z INFO HostContext] Well known directory 'Root': 'C:\Users\Usuario\Desktop\papelaria-crud-tcc\actions-runner'
[2025-12-02 00:07:55Z INFO Listener] Validating directory permissions for: 'C:\Users\Usuario\Desktop\papelaria-crud-tcc\actions-runner'
[2025-12-02 00:07:55Z INFO CommandLineParser] Parse
[2025-12-02 00:07:55Z INFO CommandLineParser] Parsing 1 args
[2025-12-02 00:07:55Z INFO CommandLineParser] parsing argument
[2025-12-02 00:07:55Z INFO CommandLineParser] HasArgs: False
[2025-12-02 00:07:55Z INFO CommandLineParser] Adding Command: run
[2025-12-02 00:07:55Z INFO Listener] Arguments parsed
[2025-12-02 00:07:55Z INFO Runner] ExecuteCommand
[2025-12-02 00:07:55Z INFO ConfigurationStore] currentAssemblyLocation: C:\Users\Usuario\Desktop\papelaria-crud-tcc\actions-runner\bin\Runner.Listener.dll
[2025-12-02 00:07:55Z INFO HostContext] Well known directory 'Bin': 'C:\Users\Usuario\Desktop\papelaria-crud-tcc\actions-runner\bin'
[2025-12-02 00:07:55Z INFO ConfigurationStore] binPath: C:\Users\Usuario\Desktop\papelaria-crud-tcc\actions-runner\bin
[2025-12-02 00:07:55Z INFO HostContext] Well known directory 'Bin': 'C:\Users\Usuario\Desktop\papelaria-crud-tcc\actions-runner\bin'
[2025-12-02 00:07:55Z INFO HostContext] Well known directory 'Root': 'C:\Users\Usuario\Desktop\papelaria-crud-tcc\actions-runner'
[2025-12-02 00:07:55Z INFO ConfigurationStore] RootFolder: C:\Users\Usuario\Desktop\papelaria-crud-tcc\actions-runner
[2025-12-02 00:07:55Z INFO HostContext] Well known directory 'Bin': 'C:\Users\Usuario\Desktop\papelaria-crud-tcc\actions-runner\bin'
[2025-12-02 00:07:55Z INFO HostContext] Well known directory 'Root': 'C:\Users\Usuario\Desktop\papelaria-crud-tcc\actions-runner'
[2025-12-02 00:07:55Z INFO HostContext] Well known config file 'Runner': 'C:\Users\Usuario\Desktop\papelaria-crud-tcc\actions-runner\.runner'
[2025-12-02 00:07:55Z INFO ConfigurationStore] ConfigFilePath: C:\Users\Usuario\Desktop\papelaria-crud-tcc\actions-runner\.runner
[2025-12-02 00:07:55Z INFO HostContext] Well known directory 'Bin': 'C:\Users\Usuario\Desktop\papelaria-crud-tcc\actions-runner\bin'
[2025-12-02 00:07:55Z INFO HostContext] Well known directory 'Root': 'C:\Users\Usuario\Desktop\papelaria-crud-tcc\actions-runner'
[2025-12-02 00:07:55Z INFO HostContext] Well known config file 'MigratedRunner': 'C:\Users\Usuario\Desktop\papelaria-crud-tcc\actions-runner\.runner_migrated'
[2025-12-02 00:07:55Z INFO ConfigurationStore] MigratedConfigFilePath: C:\Users\Usuario\Desktop\papelaria-crud-tcc\actions-runner\.runner_migrated
[2025-12-02 00:07:55Z INFO HostContext] Well known directory 'Bin': 'C:\Users\Usuario\Desktop\papelaria-crud-tcc\actions-runner\bin'
[2025-12-02 00:07:55Z INFO HostContext] Well known directory 'Root': 'C:\Users\Usuario\Desktop\papelaria-crud-tcc\actions-runner'
[2025-12-02 00:07:55Z INFO HostContext] Well known config file 'Credentials': 'C:\Users\Usuario\Desktop\papelaria-crud-tcc\actions-runner\.credentials'
[2025-12-02 00:07:55Z INFO ConfigurationStore] CredFilePath: C:\Users\Usuario\Desktop\papelaria-crud-tcc\actions-runner\.credentials
[2025-12-02 00:07:55Z INFO HostContext] Well known directory 'Bin': 'C:\Users\Usuario\Desktop\papelaria-crud-tcc\actions-runner\bin'
[2025-12-02 00:07:55Z INFO HostContext] Well known directory 'Root': 'C:\Users\Usuario\Desktop\papelaria-crud-tcc\actions-runner'
[2025-12-02 00:07:55Z INFO HostContext] Well known config file 'MigratedCredentials': 'C:\Users\Usuario\Desktop\papelaria-crud-tcc\actions-runner\.credentials_migrated'
[2025-12-02 00:07:55Z INFO ConfigurationStore] MigratedCredFilePath: C:\Users\Usuario\Desktop\papelaria-crud-tcc\actions-runner\.credentials_migrated
[2025-12-02 00:07:55Z INFO HostContext] Well known directory 'Bin': 'C:\Users\Usuario\Desktop\papelaria-crud-tcc\actions-runner\bin'
[2025-12-02 00:07:55Z INFO HostContext] Well known directory 'Root': 'C:\Users\Usuario\Desktop\papelaria-crud-tcc\actions-runner'
[2025-12-02 00:07:55Z INFO HostContext] Well known config file 'Service': 'C:\Users\Usuario\Desktop\papelaria-crud-tcc\actions-runner\.service'
[2025-12-02 00:07:55Z INFO ConfigurationStore] ServiceConfigFilePath: C:\Users\Usuario\Desktop\papelaria-crud-tcc\actions-runner\.service
[2025-12-02 00:07:55Z INFO CommandSettings] Flag 'help': 'False'
[2025-12-02 00:07:55Z INFO CommandSettings] Flag 'version': 'False'
[2025-12-02 00:07:55Z INFO CommandSettings] Flag 'commit': 'False'
[2025-12-02 00:07:55Z INFO CommandSettings] Flag 'check': 'False'
[2025-12-02 00:07:55Z INFO CommandSettings] Command 'configure': 'False'
[2025-12-02 00:07:55Z INFO CommandSettings] Command 'remove': 'False'
[2025-12-02 00:07:55Z INFO CommandSettings] Command 'warmup': 'False'
[2025-12-02 00:07:55Z INFO ConfigurationManager] LoadSettings
[2025-12-02 00:07:55Z INFO ConfigurationStore] IsConfigured()
[2025-12-02 00:07:55Z INFO ConfigurationStore] IsConfigured: True
[2025-12-02 00:07:55Z INFO ConfigurationManager] Is configured: True
[2025-12-02 00:07:55Z INFO ConfigurationStore] Read setting file: 406 chars
[2025-12-02 00:07:55Z INFO ConfigurationManager] Settings Loaded
[2025-12-02 00:07:55Z INFO ConfigurationStore] IsServiceConfigured()
[2025-12-02 00:07:55Z INFO ConfigurationStore] IsServiceConfigured: False
[2025-12-02 00:07:55Z INFO CommandSettings] Command 'run': 'True'
[2025-12-02 00:07:55Z INFO ConfigurationStore] IsConfigured()
[2025-12-02 00:07:55Z INFO ConfigurationStore] IsConfigured: True
[2025-12-02 00:07:55Z INFO ConfigurationManager] Is configured: True
[2025-12-02 00:07:55Z INFO Runner] Could not parse the argument value '' for StartupType. Defaulting to Manual
[2025-12-02 00:07:55Z INFO Runner] Set runner startup type - Manual
[2025-12-02 00:07:55Z INFO CommandSettings] Flag 'once': 'False'
[2025-12-02 00:07:55Z INFO CommandSettings] Flag 'once': 'False'
[2025-12-02 00:07:55Z INFO Runner] RunAsync
[2025-12-02 00:07:55Z INFO ConfigurationManager] LoadMigratedSettings
[2025-12-02 00:07:55Z INFO ConfigurationStore] IsMigratedConfigured()
[2025-12-02 00:07:55Z INFO ConfigurationStore] IsMigratedConfigured: False
[2025-12-02 00:07:55Z INFO Runner] Failed to load migrated settings: No migrated configuration found.
[2025-12-02 00:07:55Z INFO Runner] Falling back to original .runner settings
[2025-12-02 00:07:55Z INFO Runner] Using BrokerMessageListener
[2025-12-02 00:07:55Z INFO BrokerMessageListener] Using provided settings
[2025-12-02 00:07:55Z INFO BrokerMessageListener] {
  "AgentId": 22,
  "AgentName": "papelaria-runner",
  "PoolId": 1,
  "PoolName": "Default",
  "ServerUrl": "https://pipelinesghubeus4.actions.githubusercontent.com/qegPUPmeLhp26835BeH2fAE177RMxEkizJV2z1gXKTxFyi3lvN/",
  "GitHubUrl": "https://github.com/brenoveroneze/reservas-api",
  "WorkFolder": "_work",
  "UseV2Flow": true,
  "ServerUrlV2": "https://broker.actions.githubusercontent.com/"
}
[2025-12-02 00:07:55Z INFO BrokerMessageListener] Loading Credentials
[2025-12-02 00:07:55Z INFO ConfigurationStore] HasCredentials()
[2025-12-02 00:07:55Z INFO ConfigurationStore] stored True
[2025-12-02 00:07:55Z INFO CredentialManager] GetCredentialProvider
[2025-12-02 00:07:55Z INFO CredentialManager] Creating type OAuth
[2025-12-02 00:07:55Z INFO CredentialManager] Creating credential type: OAuth
[2025-12-02 00:07:55Z INFO HostContext] Well known directory 'Bin': 'C:\Users\Usuario\Desktop\papelaria-crud-tcc\actions-runner\bin'
[2025-12-02 00:07:55Z INFO HostContext] Well known directory 'Root': 'C:\Users\Usuario\Desktop\papelaria-crud-tcc\actions-runner'
[2025-12-02 00:07:55Z INFO HostContext] Well known config file 'RSACredentials': 'C:\Users\Usuario\Desktop\papelaria-crud-tcc\actions-runner\.credentials_rsaparams'
[2025-12-02 00:07:55Z INFO RSAEncryptedFileKeyManager] Loading RSA key parameters from file C:\Users\Usuario\Desktop\papelaria-crud-tcc\actions-runner\.credentials_rsaparams
[2025-12-02 00:07:55Z INFO BrokerMessageListener] Attempt to create session.
[2025-12-02 00:07:55Z INFO BrokerMessageListener] Connecting to the Broker Server...
[2025-12-02 00:07:55Z INFO ConfigurationStore] HasCredentials()
[2025-12-02 00:07:55Z INFO ConfigurationStore] stored True
[2025-12-02 00:07:55Z INFO CredentialManager] GetCredentialProvider
[2025-12-02 00:07:55Z INFO CredentialManager] Creating type OAuth
[2025-12-02 00:07:55Z INFO CredentialManager] Creating credential type: OAuth
[2025-12-02 00:07:55Z INFO RSAEncryptedFileKeyManager] Loading RSA key parameters from file C:\Users\Usuario\Desktop\papelaria-crud-tcc\actions-runner\.credentials_rsaparams
[2025-12-02 00:07:55Z INFO BrokerMessageListener] VssConnection created
[2025-12-02 00:07:55Z INFO BrokerMessageListener] Connecting to the Runner server...
[2025-12-02 00:07:55Z INFO RunnerServer] EstablishVssConnection
[2025-12-02 00:07:55Z INFO RunnerServer] Establish connection with 100 seconds timeout.
[2025-12-02 00:07:55Z INFO GitHubActionsService] Starting operation Location.GetConnectionData
[2025-12-02 00:07:55Z INFO RunnerServer] EstablishVssConnection
[2025-12-02 00:07:55Z INFO RunnerServer] Establish connection with 60 seconds timeout.
[2025-12-02 00:07:55Z INFO GitHubActionsService] Starting operation Location.GetConnectionData
[2025-12-02 00:07:55Z INFO RunnerServer] EstablishVssConnection
[2025-12-02 00:07:55Z INFO RunnerServer] Establish connection with 60 seconds timeout.
[2025-12-02 00:07:55Z INFO GitHubActionsService] Starting operation Location.GetConnectionData
[2025-12-02 00:07:55Z INFO GitHubActionsService] Finished operation Location.GetConnectionData
[2025-12-02 00:07:55Z INFO GitHubActionsService] Finished operation Location.GetConnectionData
[2025-12-02 00:07:55Z INFO GitHubActionsService] Finished operation Location.GetConnectionData
[2025-12-02 00:07:55Z INFO BrokerMessageListener] VssConnection created
[2025-12-02 00:07:55Z INFO Terminal] WRITE LINE: 
[2025-12-02 00:07:55Z INFO Terminal] WRITE LINE: 
[2025-12-02 00:07:55Z INFO RSAEncryptedFileKeyManager] Loading RSA key parameters from file C:\Users\Usuario\Desktop\papelaria-crud-tcc\actions-runner\.credentials_rsaparams
[2025-12-02 00:07:55Z INFO RSAEncryptedFileKeyManager] Loading RSA key parameters from file C:\Users\Usuario\Desktop\papelaria-crud-tcc\actions-runner\.credentials_rsaparams
[2025-12-02 00:07:56Z INFO GitHubActionsService] AAD Correlation ID for this token request: Unknown
[2025-12-02 00:07:56Z INFO BrokerMessageListener] Session created.
[2025-12-02 00:07:56Z INFO Terminal] WRITE LINE: Current runner version: '2.329.0'
[2025-12-02 00:07:56Z INFO Terminal] WRITE LINE: 2025-12-02 00:07:56Z: Listening for Jobs
[2025-12-02 00:07:56Z INFO JobDispatcher] Set runner/worker IPC timeout to 30 seconds.
[2025-12-02 00:07:57Z INFO BrokerMessageListener] Acknowledging runner request '60839a1a-88f6-5cd4-a22a-e852536351c1'.
[2025-12-02 00:07:57Z INFO ConfigurationStore] HasCredentials()
[2025-12-02 00:07:57Z INFO ConfigurationStore] stored True
[2025-12-02 00:07:57Z INFO CredentialManager] GetCredentialProvider
[2025-12-02 00:07:57Z INFO CredentialManager] Creating type OAuth
[2025-12-02 00:07:57Z INFO CredentialManager] Creating credential type: OAuth
[2025-12-02 00:07:57Z INFO RSAEncryptedFileKeyManager] Loading RSA key parameters from file C:\Users\Usuario\Desktop\papelaria-crud-tcc\actions-runner\.credentials_rsaparams
[2025-12-02 00:07:57Z INFO RSAEncryptedFileKeyManager] Loading RSA key parameters from file C:\Users\Usuario\Desktop\papelaria-crud-tcc\actions-runner\.credentials_rsaparams
[2025-12-02 00:07:57Z INFO RSAEncryptedFileKeyManager] Loading RSA key parameters from file C:\Users\Usuario\Desktop\papelaria-crud-tcc\actions-runner\.credentials_rsaparams
[2025-12-02 00:07:58Z INFO GitHubActionsService] AAD Correlation ID for this token request: Unknown
[2025-12-02 00:07:59Z INFO JobDispatcher] Job request 0 for plan a8ed67c1-3f72-45b4-b943-bed062fdf854 job 60839a1a-88f6-5cd4-a22a-e852536351c1 received.
[2025-12-02 00:07:59Z INFO JobDispatcher] Pull OrchestrationId a8ed67c1-3f72-45b4-b943-bed062fdf854.quality-check.__default from JWT claims
[2025-12-02 00:07:59Z INFO BrokerMessageListener] Received job status event. JobState: Busy
[2025-12-02 00:07:59Z INFO BrokerMessageListener] _getMessagesTokenSource is already disposed.
[2025-12-02 00:07:59Z INFO Terminal] WRITE LINE: 2025-12-02 00:07:59Z: Running job: quality-check
[2025-12-02 00:07:59Z INFO JobDispatcher] Start renew job request 0 for job 60839a1a-88f6-5cd4-a22a-e852536351c1.
[2025-12-02 00:08:00Z INFO JobDispatcher] Successfully renew job 60839a1a-88f6-5cd4-a22a-e852536351c1, job is valid till 02/12/2025 00:18:02
[2025-12-02 00:08:00Z INFO HostContext] Well known directory 'Bin': 'C:\Users\Usuario\Desktop\papelaria-crud-tcc\actions-runner\bin'
[2025-12-02 00:08:00Z INFO ProcessInvokerWrapper] Starting process:
[2025-12-02 00:08:00Z INFO ProcessInvokerWrapper]   File name: 'C:\Users\Usuario\Desktop\papelaria-crud-tcc\actions-runner\bin\Runner.Worker.exe'
[2025-12-02 00:08:00Z INFO ProcessInvokerWrapper]   Arguments: 'spawnclient 2276 2288'
[2025-12-02 00:08:00Z INFO ProcessInvokerWrapper]   Working directory: 'C:\Users\Usuario\Desktop\papelaria-crud-tcc\actions-runner\bin'
[2025-12-02 00:08:00Z INFO ProcessInvokerWrapper]   Require exit code zero: 'False'
[2025-12-02 00:08:00Z INFO ProcessInvokerWrapper]   Encoding web name:  ; code page: ''
[2025-12-02 00:08:00Z INFO ProcessInvokerWrapper]   Force kill process on cancellation: 'True'
[2025-12-02 00:08:00Z INFO ProcessInvokerWrapper]   Redirected STDIN: 'False'
[2025-12-02 00:08:00Z INFO ProcessInvokerWrapper]   Persist current code page: 'False'
[2025-12-02 00:08:00Z INFO ProcessInvokerWrapper]   Keep redirected STDIN open: 'False'
[2025-12-02 00:08:00Z INFO ProcessInvokerWrapper]   High priority process: 'True'
[2025-12-02 00:08:00Z INFO ProcessInvokerWrapper] Process started with process id 8748, waiting for process exit.
[2025-12-02 00:08:00Z INFO JobDispatcher] Send job request message to worker for job 60839a1a-88f6-5cd4-a22a-e852536351c1.
[2025-12-02 00:08:00Z INFO ProcessChannel] Sending message of length 21874, with hash '484043b580219466be1a69767c6530805f10dfd845ff4ace2837afb4fd954185'
[2025-12-02 00:08:00Z INFO JobNotification] Entering JobStarted Notification
[2025-12-02 00:08:00Z INFO JobNotification] Entering StartMonitor
[2025-12-02 00:08:53Z INFO ProcessInvokerWrapper] STDOUT/STDERR stream read finished.
[2025-12-02 00:08:53Z INFO ProcessInvokerWrapper] STDOUT/STDERR stream read finished.
[2025-12-02 00:08:53Z INFO ProcessInvokerWrapper] Finished process 8748 with exit code 102, and elapsed time 00:00:53.0173033.
[2025-12-02 00:08:53Z INFO JobDispatcher] Worker finished for job 60839a1a-88f6-5cd4-a22a-e852536351c1. Code: 102
[2025-12-02 00:08:53Z INFO JobDispatcher] finish job request for job 60839a1a-88f6-5cd4-a22a-e852536351c1 with result: Failed
[2025-12-02 00:08:53Z INFO Terminal] WRITE LINE: 2025-12-02 00:08:53Z: Job quality-check completed with result: Failed
[2025-12-02 00:08:53Z INFO JobDispatcher] Stop renew job request for job 60839a1a-88f6-5cd4-a22a-e852536351c1.
[2025-12-02 00:08:53Z INFO JobDispatcher] job renew has been cancelled, stop renew job 60839a1a-88f6-5cd4-a22a-e852536351c1.
[2025-12-02 00:08:53Z INFO JobNotification] Entering JobCompleted Notification
[2025-12-02 00:08:53Z INFO JobNotification] Entering EndMonitor
[2025-12-02 00:08:53Z INFO BrokerMessageListener] Received job status event. JobState: Online
[2025-12-02 00:08:53Z WARN GitHubActionsService] GET request to https://broker.actions.githubusercontent.com/message?sessionId=a787474e-5f5e-4200-bdd3-e18b86680b10&status=Busy&runnerVersion=2.329.0&os=Windows&architecture=X64&disableUpdate=false has been cancelled.
[2025-12-02 00:08:53Z ERR  BrokerServer] Catch exception during request
[2025-12-02 00:08:53Z ERR  BrokerServer] System.Threading.Tasks.TaskCanceledException: The operation was canceled.
 ---> System.Threading.Tasks.TaskCanceledException: The operation was canceled.
 ---> System.IO.IOException: Unable to read data from the transport connection: A operação de E/S foi anulada devido a uma saída de thread ou a uma requisição de aplicativo..
 ---> System.Net.Sockets.SocketException (995): A operação de E/S foi anulada devido a uma saída de thread ou a uma requisição de aplicativo.
   --- End of inner exception stack trace ---
   at System.Net.Sockets.Socket.AwaitableSocketAsyncEventArgs.ThrowException(SocketError error, CancellationToken cancellationToken)
   at System.Net.Sockets.Socket.AwaitableSocketAsyncEventArgs.System.Threading.Tasks.Sources.IValueTaskSource<System.Int32>.GetResult(Int16 token)
   at System.Net.Security.SslStream.EnsureFullTlsFrameAsync[TIOAdapter](CancellationToken cancellationToken, Int32 estimatedSize)
   at System.Runtime.CompilerServices.PoolingAsyncValueTaskMethodBuilder`1.StateMachineBox`1.System.Threading.Tasks.Sources.IValueTaskSource<TResult>.GetResult(Int16 token)
   at System.Net.Security.SslStream.ReadAsyncInternal[TIOAdapter](Memory`1 buffer, CancellationToken cancellationToken)
   at System.Runtime.CompilerServices.PoolingAsyncValueTaskMethodBuilder`1.StateMachineBox`1.System.Threading.Tasks.Sources.IValueTaskSource<TResult>.GetResult(Int16 token)
   at System.Net.Http.HttpConnection.SendAsync(HttpRequestMessage request, Boolean async, CancellationToken cancellationToken)
   --- End of inner exception stack trace ---
   at System.Net.Http.HttpConnection.SendAsync(HttpRequestMessage request, Boolean async, CancellationToken cancellationToken)
   at System.Net.Http.AuthenticationHelper.SendWithNtAuthAsync(HttpRequestMessage request, Uri authUri, Boolean async, ICredentials credentials, Boolean isProxyAuth, HttpConnection connection, HttpConnectionPool connectionPool, CancellationToken cancellationToken)
   at System.Net.Http.HttpConnectionPool.SendWithVersionDetectionAndRetryAsync(HttpRequestMessage request, Boolean async, Boolean doRequestAuth, CancellationToken cancellationToken)
   at System.Net.Http.AuthenticationHelper.SendWithAuthAsync(HttpRequestMessage request, Uri authUri, Boolean async, ICredentials credentials, Boolean preAuthenticate, Boolean isProxyAuth, Boolean doRequestAuth, HttpConnectionPool pool, CancellationToken cancellationToken)
   at System.Net.Http.RedirectHandler.SendAsync(HttpRequestMessage request, Boolean async, CancellationToken cancellationToken)
   at GitHub.Services.Common.RawHttpMessageHandler.SendAsync(HttpRequestMessage request, CancellationToken cancellationToken)
   at GitHub.Services.Common.VssHttpRetryMessageHandler.SendAsync(HttpRequestMessage request, CancellationToken cancellationToken)
   at System.Net.Http.HttpClient.<SendAsync>g__Core|83_0(HttpRequestMessage request, HttpCompletionOption completionOption, CancellationTokenSource cts, Boolean disposeCts, CancellationTokenSource pendingRequestsCts, CancellationToken originalCancellationToken)
   --- End of inner exception stack trace ---
   at System.Net.Http.HttpClient.HandleFailure(Exception e, Boolean telemetryStarted, HttpResponseMessage response, CancellationTokenSource cts, CancellationToken cancellationToken, CancellationTokenSource pendingRequestsCts)
   at System.Net.Http.HttpClient.<SendAsync>g__Core|83_0(HttpRequestMessage request, HttpCompletionOption completionOption, CancellationTokenSource cts, Boolean disposeCts, CancellationTokenSource pendingRequestsCts, CancellationToken originalCancellationToken)
   at Sdk.WebApi.WebApi.RawHttpClientBase.SendAsync(HttpRequestMessage message, HttpCompletionOption completionOption, Object userState, CancellationToken cancellationToken)
   at Sdk.WebApi.WebApi.RawHttpClientBase.SendAsync[T](HttpRequestMessage message, Boolean readErrorBody, Object userState, CancellationToken cancellationToken)
   at Sdk.WebApi.WebApi.RawHttpClientBase.SendAsync[T](HttpMethod method, IEnumerable`1 additionalHeaders, Uri requestUri, HttpContent content, IEnumerable`1 queryParameters, Boolean readErrorBody, Object userState, CancellationToken cancellationToken)
   at GitHub.Actions.RunService.WebApi.BrokerHttpClient.GetRunnerMessageAsync(Nullable`1 sessionId, String runnerVersion, Nullable`1 status, String os, String architecture, Nullable`1 disableUpdate, CancellationToken cancellationToken)
   at GitHub.Runner.Common.BrokerServer.<>c__DisplayClass7_0.<<GetRunnerMessageAsync>b__0>d.MoveNext()
--- End of stack trace from previous location ---
   at GitHub.Runner.Common.RunnerService.RetryRequest[T](Func`1 func, CancellationToken cancellationToken, Int32 maxAttempts, Func`2 shouldRetry)
[2025-12-02 00:08:53Z ERR  BrokerServer] #####################################################
[2025-12-02 00:08:53Z ERR  BrokerServer] System.Threading.Tasks.TaskCanceledException: The operation was canceled.
 ---> System.IO.IOException: Unable to read data from the transport connection: A operação de E/S foi anulada devido a uma saída de thread ou a uma requisição de aplicativo..
 ---> System.Net.Sockets.SocketException (995): A operação de E/S foi anulada devido a uma saída de thread ou a uma requisição de aplicativo.
   --- End of inner exception stack trace ---
   at System.Net.Sockets.Socket.AwaitableSocketAsyncEventArgs.ThrowException(SocketError error, CancellationToken cancellationToken)
   at System.Net.Sockets.Socket.AwaitableSocketAsyncEventArgs.System.Threading.Tasks.Sources.IValueTaskSource<System.Int32>.GetResult(Int16 token)
   at System.Net.Security.SslStream.EnsureFullTlsFrameAsync[TIOAdapter](CancellationToken cancellationToken, Int32 estimatedSize)
   at System.Runtime.CompilerServices.PoolingAsyncValueTaskMethodBuilder`1.StateMachineBox`1.System.Threading.Tasks.Sources.IValueTaskSource<TResult>.GetResult(Int16 token)
   at System.Net.Security.SslStream.ReadAsyncInternal[TIOAdapter](Memory`1 buffer, CancellationToken cancellationToken)
   at System.Runtime.CompilerServices.PoolingAsyncValueTaskMethodBuilder`1.StateMachineBox`1.System.Threading.Tasks.Sources.IValueTaskSource<TResult>.GetResult(Int16 token)
   at System.Net.Http.HttpConnection.SendAsync(HttpRequestMessage request, Boolean async, CancellationToken cancellationToken)
   --- End of inner exception stack trace ---
   at System.Net.Http.HttpConnection.SendAsync(HttpRequestMessage request, Boolean async, CancellationToken cancellationToken)
   at System.Net.Http.AuthenticationHelper.SendWithNtAuthAsync(HttpRequestMessage request, Uri authUri, Boolean async, ICredentials credentials, Boolean isProxyAuth, HttpConnection connection, HttpConnectionPool connectionPool, CancellationToken cancellationToken)
   at System.Net.Http.HttpConnectionPool.SendWithVersionDetectionAndRetryAsync(HttpRequestMessage request, Boolean async, Boolean doRequestAuth, CancellationToken cancellationToken)
   at System.Net.Http.AuthenticationHelper.SendWithAuthAsync(HttpRequestMessage request, Uri authUri, Boolean async, ICredentials credentials, Boolean preAuthenticate, Boolean isProxyAuth, Boolean doRequestAuth, HttpConnectionPool pool, CancellationToken cancellationToken)
   at System.Net.Http.RedirectHandler.SendAsync(HttpRequestMessage request, Boolean async, CancellationToken cancellationToken)
   at GitHub.Services.Common.RawHttpMessageHandler.SendAsync(HttpRequestMessage request, CancellationToken cancellationToken)
   at GitHub.Services.Common.VssHttpRetryMessageHandler.SendAsync(HttpRequestMessage request, CancellationToken cancellationToken)
   at System.Net.Http.HttpClient.<SendAsync>g__Core|83_0(HttpRequestMessage request, HttpCompletionOption completionOption, CancellationTokenSource cts, Boolean disposeCts, CancellationTokenSource pendingRequestsCts, CancellationToken originalCancellationToken)
[2025-12-02 00:08:53Z ERR  BrokerServer] #####################################################
[2025-12-02 00:08:53Z ERR  BrokerServer] System.IO.IOException: Unable to read data from the transport connection: A operação de E/S foi anulada devido a uma saída de thread ou a uma requisição de aplicativo..
 ---> System.Net.Sockets.SocketException (995): A operação de E/S foi anulada devido a uma saída de thread ou a uma requisição de aplicativo.
   --- End of inner exception stack trace ---
   at System.Net.Sockets.Socket.AwaitableSocketAsyncEventArgs.ThrowException(SocketError error, CancellationToken cancellationToken)
   at System.Net.Sockets.Socket.AwaitableSocketAsyncEventArgs.System.Threading.Tasks.Sources.IValueTaskSource<System.Int32>.GetResult(Int16 token)
   at System.Net.Security.SslStream.EnsureFullTlsFrameAsync[TIOAdapter](CancellationToken cancellationToken, Int32 estimatedSize)
   at System.Runtime.CompilerServices.PoolingAsyncValueTaskMethodBuilder`1.StateMachineBox`1.System.Threading.Tasks.Sources.IValueTaskSource<TResult>.GetResult(Int16 token)
   at System.Net.Security.SslStream.ReadAsyncInternal[TIOAdapter](Memory`1 buffer, CancellationToken cancellationToken)
   at System.Runtime.CompilerServices.PoolingAsyncValueTaskMethodBuilder`1.StateMachineBox`1.System.Threading.Tasks.Sources.IValueTaskSource<TResult>.GetResult(Int16 token)
   at System.Net.Http.HttpConnection.SendAsync(HttpRequestMessage request, Boolean async, CancellationToken cancellationToken)
[2025-12-02 00:08:53Z ERR  BrokerServer] #####################################################
[2025-12-02 00:08:53Z ERR  BrokerServer] System.Net.Sockets.SocketException (995): A operação de E/S foi anulada devido a uma saída de thread ou a uma requisição de aplicativo.
[2025-12-02 00:08:53Z WARN BrokerServer] Back off 10,66 seconds before next retry. 4 attempt left.
[2025-12-02 00:08:53Z INFO BrokerMessageListener] Get messages has been cancelled using local token source. Continue to get messages with new status.
[2025-12-02 00:10:32Z INFO BrokerMessageListener] Acknowledging runner request '093b4fc8-ded5-5296-8d37-8a6072a2b73c'.
[2025-12-02 00:10:32Z INFO ConfigurationStore] HasCredentials()
[2025-12-02 00:10:32Z INFO ConfigurationStore] stored True
[2025-12-02 00:10:32Z INFO CredentialManager] GetCredentialProvider
[2025-12-02 00:10:32Z INFO CredentialManager] Creating type OAuth
[2025-12-02 00:10:32Z INFO CredentialManager] Creating credential type: OAuth
[2025-12-02 00:10:32Z INFO RSAEncryptedFileKeyManager] Loading RSA key parameters from file C:\Users\Usuario\Desktop\papelaria-crud-tcc\actions-runner\.credentials_rsaparams
[2025-12-02 00:10:32Z INFO RSAEncryptedFileKeyManager] Loading RSA key parameters from file C:\Users\Usuario\Desktop\papelaria-crud-tcc\actions-runner\.credentials_rsaparams
[2025-12-02 00:10:32Z INFO RSAEncryptedFileKeyManager] Loading RSA key parameters from file C:\Users\Usuario\Desktop\papelaria-crud-tcc\actions-runner\.credentials_rsaparams
[2025-12-02 00:10:33Z INFO GitHubActionsService] AAD Correlation ID for this token request: Unknown
[2025-12-02 00:10:34Z INFO JobDispatcher] Job request 0 for plan c158eb9b-5727-4dbc-9146-d1a2566f776c job 093b4fc8-ded5-5296-8d37-8a6072a2b73c received.
[2025-12-02 00:10:34Z INFO JobDispatcher] Pull OrchestrationId c158eb9b-5727-4dbc-9146-d1a2566f776c.quality-check.__default from JWT claims
[2025-12-02 00:10:34Z INFO BrokerMessageListener] Received job status event. JobState: Busy
[2025-12-02 00:10:34Z INFO BrokerMessageListener] _getMessagesTokenSource is already disposed.
[2025-12-02 00:10:34Z INFO JobDispatcher] Job request 60839a1a-88f6-5cd4-a22a-e852536351c1 processed succeed.
[2025-12-02 00:10:34Z INFO Terminal] WRITE LINE: 2025-12-02 00:10:34Z: Running job: quality-check
[2025-12-02 00:10:34Z INFO JobDispatcher] Start renew job request 0 for job 093b4fc8-ded5-5296-8d37-8a6072a2b73c.
[2025-12-02 00:10:34Z INFO JobDispatcher] Successfully renew job 093b4fc8-ded5-5296-8d37-8a6072a2b73c, job is valid till 02/12/2025 00:20:37
[2025-12-02 00:10:34Z INFO HostContext] Well known directory 'Bin': 'C:\Users\Usuario\Desktop\papelaria-crud-tcc\actions-runner\bin'
[2025-12-02 00:10:34Z INFO ProcessInvokerWrapper] Starting process:
[2025-12-02 00:10:34Z INFO ProcessInvokerWrapper]   File name: 'C:\Users\Usuario\Desktop\papelaria-crud-tcc\actions-runner\bin\Runner.Worker.exe'
[2025-12-02 00:10:34Z INFO ProcessInvokerWrapper]   Arguments: 'spawnclient 1688 2160'
[2025-12-02 00:10:34Z INFO ProcessInvokerWrapper]   Working directory: 'C:\Users\Usuario\Desktop\papelaria-crud-tcc\actions-runner\bin'
[2025-12-02 00:10:34Z INFO ProcessInvokerWrapper]   Require exit code zero: 'False'
[2025-12-02 00:10:34Z INFO ProcessInvokerWrapper]   Encoding web name:  ; code page: ''
[2025-12-02 00:10:34Z INFO ProcessInvokerWrapper]   Force kill process on cancellation: 'True'
[2025-12-02 00:10:34Z INFO ProcessInvokerWrapper]   Redirected STDIN: 'False'
[2025-12-02 00:10:34Z INFO ProcessInvokerWrapper]   Persist current code page: 'False'
[2025-12-02 00:10:34Z INFO ProcessInvokerWrapper]   Keep redirected STDIN open: 'False'
[2025-12-02 00:10:34Z INFO ProcessInvokerWrapper]   High priority process: 'True'
[2025-12-02 00:10:34Z INFO ProcessInvokerWrapper] Process started with process id 9188, waiting for process exit.
[2025-12-02 00:10:34Z INFO JobDispatcher] Send job request message to worker for job 093b4fc8-ded5-5296-8d37-8a6072a2b73c.
[2025-12-02 00:10:34Z INFO ProcessChannel] Sending message of length 21877, with hash '5f2addeab443e823933695d86b45e874e6747cc07fd2a7d29777ab68bfe18730'
[2025-12-02 00:10:34Z INFO JobNotification] Entering JobStarted Notification
[2025-12-02 00:10:34Z INFO JobNotification] Entering StartMonitor
[2025-12-02 00:11:34Z INFO JobDispatcher] Successfully renew job 093b4fc8-ded5-5296-8d37-8a6072a2b73c, job is valid till 02/12/2025 00:21:37
[2025-12-02 00:12:34Z INFO JobDispatcher] Successfully renew job 093b4fc8-ded5-5296-8d37-8a6072a2b73c, job is valid till 02/12/2025 00:22:37
[2025-12-02 00:12:46Z INFO ProcessInvokerWrapper] STDOUT/STDERR stream read finished.
[2025-12-02 00:12:46Z INFO ProcessInvokerWrapper] STDOUT/STDERR stream read finished.
[2025-12-02 00:12:46Z INFO ProcessInvokerWrapper] Finished process 9188 with exit code 100, and elapsed time 00:02:12.1805955.
[2025-12-02 00:12:46Z INFO JobDispatcher] Worker finished for job 093b4fc8-ded5-5296-8d37-8a6072a2b73c. Code: 100
[2025-12-02 00:12:46Z INFO JobDispatcher] finish job request for job 093b4fc8-ded5-5296-8d37-8a6072a2b73c with result: Succeeded
[2025-12-02 00:12:46Z INFO Terminal] WRITE LINE: 2025-12-02 00:12:46Z: Job quality-check completed with result: Succeeded
[2025-12-02 00:12:46Z INFO JobDispatcher] Stop renew job request for job 093b4fc8-ded5-5296-8d37-8a6072a2b73c.
[2025-12-02 00:12:46Z INFO JobDispatcher] job renew has been cancelled, stop renew job 093b4fc8-ded5-5296-8d37-8a6072a2b73c.
[2025-12-02 00:12:46Z INFO JobNotification] Entering JobCompleted Notification
[2025-12-02 00:12:46Z INFO JobNotification] Entering EndMonitor
[2025-12-02 00:12:46Z INFO BrokerMessageListener] Received job status event. JobState: Online
[2025-12-02 00:12:46Z WARN GitHubActionsService] GET request to https://broker.actions.githubusercontent.com/message?sessionId=a787474e-5f5e-4200-bdd3-e18b86680b10&status=Busy&runnerVersion=2.329.0&os=Windows&architecture=X64&disableUpdate=false has been cancelled.
[2025-12-02 00:12:46Z ERR  BrokerServer] Catch exception during request
[2025-12-02 00:12:46Z ERR  BrokerServer] System.Threading.Tasks.TaskCanceledException: The operation was canceled.
 ---> System.Threading.Tasks.TaskCanceledException: The operation was canceled.
 ---> System.IO.IOException: Unable to read data from the transport connection: A operação de E/S foi anulada devido a uma saída de thread ou a uma requisição de aplicativo..
 ---> System.Net.Sockets.SocketException (995): A operação de E/S foi anulada devido a uma saída de thread ou a uma requisição de aplicativo.
   --- End of inner exception stack trace ---
   at System.Net.Sockets.Socket.AwaitableSocketAsyncEventArgs.ThrowException(SocketError error, CancellationToken cancellationToken)
   at System.Net.Sockets.Socket.AwaitableSocketAsyncEventArgs.System.Threading.Tasks.Sources.IValueTaskSource<System.Int32>.GetResult(Int16 token)
   at System.Net.Security.SslStream.EnsureFullTlsFrameAsync[TIOAdapter](CancellationToken cancellationToken, Int32 estimatedSize)
   at System.Runtime.CompilerServices.PoolingAsyncValueTaskMethodBuilder`1.StateMachineBox`1.System.Threading.Tasks.Sources.IValueTaskSource<TResult>.GetResult(Int16 token)
   at System.Net.Security.SslStream.ReadAsyncInternal[TIOAdapter](Memory`1 buffer, CancellationToken cancellationToken)
   at System.Runtime.CompilerServices.PoolingAsyncValueTaskMethodBuilder`1.StateMachineBox`1.System.Threading.Tasks.Sources.IValueTaskSource<TResult>.GetResult(Int16 token)
   at System.Net.Http.HttpConnection.SendAsync(HttpRequestMessage request, Boolean async, CancellationToken cancellationToken)
   --- End of inner exception stack trace ---
   at System.Net.Http.HttpConnection.SendAsync(HttpRequestMessage request, Boolean async, CancellationToken cancellationToken)
   at System.Net.Http.AuthenticationHelper.SendWithNtAuthAsync(HttpRequestMessage request, Uri authUri, Boolean async, ICredentials credentials, Boolean isProxyAuth, HttpConnection connection, HttpConnectionPool connectionPool, CancellationToken cancellationToken)
   at System.Net.Http.HttpConnectionPool.SendWithVersionDetectionAndRetryAsync(HttpRequestMessage request, Boolean async, Boolean doRequestAuth, CancellationToken cancellationToken)
   at System.Net.Http.AuthenticationHelper.SendWithAuthAsync(HttpRequestMessage request, Uri authUri, Boolean async, ICredentials credentials, Boolean preAuthenticate, Boolean isProxyAuth, Boolean doRequestAuth, HttpConnectionPool pool, CancellationToken cancellationToken)
   at System.Net.Http.RedirectHandler.SendAsync(HttpRequestMessage request, Boolean async, CancellationToken cancellationToken)
   at GitHub.Services.Common.RawHttpMessageHandler.SendAsync(HttpRequestMessage request, CancellationToken cancellationToken)
   at GitHub.Services.Common.VssHttpRetryMessageHandler.SendAsync(HttpRequestMessage request, CancellationToken cancellationToken)
   at System.Net.Http.HttpClient.<SendAsync>g__Core|83_0(HttpRequestMessage request, HttpCompletionOption completionOption, CancellationTokenSource cts, Boolean disposeCts, CancellationTokenSource pendingRequestsCts, CancellationToken originalCancellationToken)
   --- End of inner exception stack trace ---
   at System.Net.Http.HttpClient.HandleFailure(Exception e, Boolean telemetryStarted, HttpResponseMessage response, CancellationTokenSource cts, CancellationToken cancellationToken, CancellationTokenSource pendingRequestsCts)
   at System.Net.Http.HttpClient.<SendAsync>g__Core|83_0(HttpRequestMessage request, HttpCompletionOption completionOption, CancellationTokenSource cts, Boolean disposeCts, CancellationTokenSource pendingRequestsCts, CancellationToken originalCancellationToken)
   at Sdk.WebApi.WebApi.RawHttpClientBase.SendAsync(HttpRequestMessage message, HttpCompletionOption completionOption, Object userState, CancellationToken cancellationToken)
   at Sdk.WebApi.WebApi.RawHttpClientBase.SendAsync[T](HttpRequestMessage message, Boolean readErrorBody, Object userState, CancellationToken cancellationToken)
   at Sdk.WebApi.WebApi.RawHttpClientBase.SendAsync[T](HttpMethod method, IEnumerable`1 additionalHeaders, Uri requestUri, HttpContent content, IEnumerable`1 queryParameters, Boolean readErrorBody, Object userState, CancellationToken cancellationToken)
   at GitHub.Actions.RunService.WebApi.BrokerHttpClient.GetRunnerMessageAsync(Nullable`1 sessionId, String runnerVersion, Nullable`1 status, String os, String architecture, Nullable`1 disableUpdate, CancellationToken cancellationToken)
   at GitHub.Runner.Common.BrokerServer.<>c__DisplayClass7_0.<<GetRunnerMessageAsync>b__0>d.MoveNext()
--- End of stack trace from previous location ---
   at GitHub.Runner.Common.RunnerService.RetryRequest[T](Func`1 func, CancellationToken cancellationToken, Int32 maxAttempts, Func`2 shouldRetry)
[2025-12-02 00:12:46Z ERR  BrokerServer] #####################################################
[2025-12-02 00:12:46Z ERR  BrokerServer] System.Threading.Tasks.TaskCanceledException: The operation was canceled.
 ---> System.IO.IOException: Unable to read data from the transport connection: A operação de E/S foi anulada devido a uma saída de thread ou a uma requisição de aplicativo..
 ---> System.Net.Sockets.SocketException (995): A operação de E/S foi anulada devido a uma saída de thread ou a uma requisição de aplicativo.
   --- End of inner exception stack trace ---
   at System.Net.Sockets.Socket.AwaitableSocketAsyncEventArgs.ThrowException(SocketError error, CancellationToken cancellationToken)
   at System.Net.Sockets.Socket.AwaitableSocketAsyncEventArgs.System.Threading.Tasks.Sources.IValueTaskSource<System.Int32>.GetResult(Int16 token)
   at System.Net.Security.SslStream.EnsureFullTlsFrameAsync[TIOAdapter](CancellationToken cancellationToken, Int32 estimatedSize)
   at System.Runtime.CompilerServices.PoolingAsyncValueTaskMethodBuilder`1.StateMachineBox`1.System.Threading.Tasks.Sources.IValueTaskSource<TResult>.GetResult(Int16 token)
   at System.Net.Security.SslStream.ReadAsyncInternal[TIOAdapter](Memory`1 buffer, CancellationToken cancellationToken)
   at System.Runtime.CompilerServices.PoolingAsyncValueTaskMethodBuilder`1.StateMachineBox`1.System.Threading.Tasks.Sources.IValueTaskSource<TResult>.GetResult(Int16 token)
   at System.Net.Http.HttpConnection.SendAsync(HttpRequestMessage request, Boolean async, CancellationToken cancellationToken)
   --- End of inner exception stack trace ---
   at System.Net.Http.HttpConnection.SendAsync(HttpRequestMessage request, Boolean async, CancellationToken cancellationToken)
   at System.Net.Http.AuthenticationHelper.SendWithNtAuthAsync(HttpRequestMessage request, Uri authUri, Boolean async, ICredentials credentials, Boolean isProxyAuth, HttpConnection connection, HttpConnectionPool connectionPool, CancellationToken cancellationToken)
   at System.Net.Http.HttpConnectionPool.SendWithVersionDetectionAndRetryAsync(HttpRequestMessage request, Boolean async, Boolean doRequestAuth, CancellationToken cancellationToken)
   at System.Net.Http.AuthenticationHelper.SendWithAuthAsync(HttpRequestMessage request, Uri authUri, Boolean async, ICredentials credentials, Boolean preAuthenticate, Boolean isProxyAuth, Boolean doRequestAuth, HttpConnectionPool pool, CancellationToken cancellationToken)
   at System.Net.Http.RedirectHandler.SendAsync(HttpRequestMessage request, Boolean async, CancellationToken cancellationToken)
   at GitHub.Services.Common.RawHttpMessageHandler.SendAsync(HttpRequestMessage request, CancellationToken cancellationToken)
   at GitHub.Services.Common.VssHttpRetryMessageHandler.SendAsync(HttpRequestMessage request, CancellationToken cancellationToken)
   at System.Net.Http.HttpClient.<SendAsync>g__Core|83_0(HttpRequestMessage request, HttpCompletionOption completionOption, CancellationTokenSource cts, Boolean disposeCts, CancellationTokenSource pendingRequestsCts, CancellationToken originalCancellationToken)
[2025-12-02 00:12:46Z ERR  BrokerServer] #####################################################
[2025-12-02 00:12:46Z ERR  BrokerServer] System.IO.IOException: Unable to read data from the transport connection: A operação de E/S foi anulada devido a uma saída de thread ou a uma requisição de aplicativo..
 ---> System.Net.Sockets.SocketException (995): A operação de E/S foi anulada devido a uma saída de thread ou a uma requisição de aplicativo.
   --- End of inner exception stack trace ---
   at System.Net.Sockets.Socket.AwaitableSocketAsyncEventArgs.ThrowException(SocketError error, CancellationToken cancellationToken)
   at System.Net.Sockets.Socket.AwaitableSocketAsyncEventArgs.System.Threading.Tasks.Sources.IValueTaskSource<System.Int32>.GetResult(Int16 token)
   at System.Net.Security.SslStream.EnsureFullTlsFrameAsync[TIOAdapter](CancellationToken cancellationToken, Int32 estimatedSize)
   at System.Runtime.CompilerServices.PoolingAsyncValueTaskMethodBuilder`1.StateMachineBox`1.System.Threading.Tasks.Sources.IValueTaskSource<TResult>.GetResult(Int16 token)
   at System.Net.Security.SslStream.ReadAsyncInternal[TIOAdapter](Memory`1 buffer, CancellationToken cancellationToken)
   at System.Runtime.CompilerServices.PoolingAsyncValueTaskMethodBuilder`1.StateMachineBox`1.System.Threading.Tasks.Sources.IValueTaskSource<TResult>.GetResult(Int16 token)
   at System.Net.Http.HttpConnection.SendAsync(HttpRequestMessage request, Boolean async, CancellationToken cancellationToken)
[2025-12-02 00:12:46Z ERR  BrokerServer] #####################################################
[2025-12-02 00:12:46Z ERR  BrokerServer] System.Net.Sockets.SocketException (995): A operação de E/S foi anulada devido a uma saída de thread ou a uma requisição de aplicativo.
[2025-12-02 00:12:46Z WARN BrokerServer] Back off 6,458 seconds before next retry. 4 attempt left.
[2025-12-02 00:12:46Z INFO BrokerMessageListener] Get messages has been cancelled using local token source. Continue to get messages with new status.
[2025-12-02 00:14:43Z INFO Terminal] WRITE LINE: Exiting...
[2025-12-02 00:14:43Z INFO ConfigurationStore] IsServiceConfigured()
[2025-12-02 00:14:43Z INFO ConfigurationStore] IsServiceConfigured: False
[2025-12-02 00:14:43Z INFO HostContext] Runner will be shutdown for UserCancelled
[2025-12-02 00:14:43Z WARN GitHubActionsService] GET request to https://broker.actions.githubusercontent.com/message?sessionId=a787474e-5f5e-4200-bdd3-e18b86680b10&status=Online&runnerVersion=2.329.0&os=Windows&architecture=X64&disableUpdate=false has been cancelled.
[2025-12-02 00:14:43Z ERR  BrokerServer] Catch exception during request
[2025-12-02 00:14:43Z ERR  BrokerServer] System.Threading.Tasks.TaskCanceledException: The operation was canceled.
 ---> System.Threading.Tasks.TaskCanceledException: The operation was canceled.
 ---> System.IO.IOException: Unable to read data from the transport connection: A operação de E/S foi anulada devido a uma saída de thread ou a uma requisição de aplicativo..
 ---> System.Net.Sockets.SocketException (995): A operação de E/S foi anulada devido a uma saída de thread ou a uma requisição de aplicativo.
   --- End of inner exception stack trace ---
   at System.Net.Sockets.Socket.AwaitableSocketAsyncEventArgs.System.Threading.Tasks.Sources.IValueTaskSource<System.Int32>.GetResult(Int16 token)
   at System.Net.Security.SslStream.EnsureFullTlsFrameAsync[TIOAdapter](CancellationToken cancellationToken, Int32 estimatedSize)
   at System.Runtime.CompilerServices.PoolingAsyncValueTaskMethodBuilder`1.StateMachineBox`1.System.Threading.Tasks.Sources.IValueTaskSource<TResult>.GetResult(Int16 token)
   at System.Net.Security.SslStream.ReadAsyncInternal[TIOAdapter](Memory`1 buffer, CancellationToken cancellationToken)
   at System.Runtime.CompilerServices.PoolingAsyncValueTaskMethodBuilder`1.StateMachineBox`1.System.Threading.Tasks.Sources.IValueTaskSource<TResult>.GetResult(Int16 token)
   at System.Net.Http.HttpConnection.SendAsync(HttpRequestMessage request, Boolean async, CancellationToken cancellationToken)
   --- End of inner exception stack trace ---
   at System.Net.Http.HttpConnection.SendAsync(HttpRequestMessage request, Boolean async, CancellationToken cancellationToken)
   at System.Net.Http.AuthenticationHelper.SendWithNtAuthAsync(HttpRequestMessage request, Uri authUri, Boolean async, ICredentials credentials, Boolean isProxyAuth, HttpConnection connection, HttpConnectionPool connectionPool, CancellationToken cancellationToken)
   at System.Net.Http.HttpConnectionPool.SendWithVersionDetectionAndRetryAsync(HttpRequestMessage request, Boolean async, Boolean doRequestAuth, CancellationToken cancellationToken)
   at System.Net.Http.AuthenticationHelper.SendWithAuthAsync(HttpRequestMessage request, Uri authUri, Boolean async, ICredentials credentials, Boolean preAuthenticate, Boolean isProxyAuth, Boolean doRequestAuth, HttpConnectionPool pool, CancellationToken cancellationToken)
   at System.Net.Http.RedirectHandler.SendAsync(HttpRequestMessage request, Boolean async, CancellationToken cancellationToken)
   at GitHub.Services.Common.RawHttpMessageHandler.SendAsync(HttpRequestMessage request, CancellationToken cancellationToken)
   at GitHub.Services.Common.VssHttpRetryMessageHandler.SendAsync(HttpRequestMessage request, CancellationToken cancellationToken)
   at System.Net.Http.HttpClient.<SendAsync>g__Core|83_0(HttpRequestMessage request, HttpCompletionOption completionOption, CancellationTokenSource cts, Boolean disposeCts, CancellationTokenSource pendingRequestsCts, CancellationToken originalCancellationToken)
   --- End of inner exception stack trace ---
   at System.Net.Http.HttpClient.HandleFailure(Exception e, Boolean telemetryStarted, HttpResponseMessage response, CancellationTokenSource cts, CancellationToken cancellationToken, CancellationTokenSource pendingRequestsCts)
   at System.Net.Http.HttpClient.<SendAsync>g__Core|83_0(HttpRequestMessage request, HttpCompletionOption completionOption, CancellationTokenSource cts, Boolean disposeCts, CancellationTokenSource pendingRequestsCts, CancellationToken originalCancellationToken)
   at Sdk.WebApi.WebApi.RawHttpClientBase.SendAsync(HttpRequestMessage message, HttpCompletionOption completionOption, Object userState, CancellationToken cancellationToken)
   at Sdk.WebApi.WebApi.RawHttpClientBase.SendAsync[T](HttpRequestMessage message, Boolean readErrorBody, Object userState, CancellationToken cancellationToken)
   at Sdk.WebApi.WebApi.RawHttpClientBase.SendAsync[T](HttpMethod method, IEnumerable`1 additionalHeaders, Uri requestUri, HttpContent content, IEnumerable`1 queryParameters, Boolean readErrorBody, Object userState, CancellationToken cancellationToken)
   at GitHub.Actions.RunService.WebApi.BrokerHttpClient.GetRunnerMessageAsync(Nullable`1 sessionId, String runnerVersion, Nullable`1 status, String os, String architecture, Nullable`1 disableUpdate, CancellationToken cancellationToken)
   at GitHub.Runner.Common.BrokerServer.<>c__DisplayClass7_0.<<GetRunnerMessageAsync>b__0>d.MoveNext()
--- End of stack trace from previous location ---
   at GitHub.Runner.Common.RunnerService.RetryRequest[T](Func`1 func, CancellationToken cancellationToken, Int32 maxAttempts, Func`2 shouldRetry)
[2025-12-02 00:14:43Z ERR  BrokerServer] #####################################################
[2025-12-02 00:14:43Z ERR  BrokerServer] System.Threading.Tasks.TaskCanceledException: The operation was canceled.
 ---> System.IO.IOException: Unable to read data from the transport connection: A operação de E/S foi anulada devido a uma saída de thread ou a uma requisição de aplicativo..
 ---> System.Net.Sockets.SocketException (995): A operação de E/S foi anulada devido a uma saída de thread ou a uma requisição de aplicativo.
   --- End of inner exception stack trace ---
   at System.Net.Sockets.Socket.AwaitableSocketAsyncEventArgs.System.Threading.Tasks.Sources.IValueTaskSource<System.Int32>.GetResult(Int16 token)
   at System.Net.Security.SslStream.EnsureFullTlsFrameAsync[TIOAdapter](CancellationToken cancellationToken, Int32 estimatedSize)
   at System.Runtime.CompilerServices.PoolingAsyncValueTaskMethodBuilder`1.StateMachineBox`1.System.Threading.Tasks.Sources.IValueTaskSource<TResult>.GetResult(Int16 token)
   at System.Net.Security.SslStream.ReadAsyncInternal[TIOAdapter](Memory`1 buffer, CancellationToken cancellationToken)
   at System.Runtime.CompilerServices.PoolingAsyncValueTaskMethodBuilder`1.StateMachineBox`1.System.Threading.Tasks.Sources.IValueTaskSource<TResult>.GetResult(Int16 token)
   at System.Net.Http.HttpConnection.SendAsync(HttpRequestMessage request, Boolean async, CancellationToken cancellationToken)
   --- End of inner exception stack trace ---
   at System.Net.Http.HttpConnection.SendAsync(HttpRequestMessage request, Boolean async, CancellationToken cancellationToken)
   at System.Net.Http.AuthenticationHelper.SendWithNtAuthAsync(HttpRequestMessage request, Uri authUri, Boolean async, ICredentials credentials, Boolean isProxyAuth, HttpConnection connection, HttpConnectionPool connectionPool, CancellationToken cancellationToken)
   at System.Net.Http.HttpConnectionPool.SendWithVersionDetectionAndRetryAsync(HttpRequestMessage request, Boolean async, Boolean doRequestAuth, CancellationToken cancellationToken)
   at System.Net.Http.AuthenticationHelper.SendWithAuthAsync(HttpRequestMessage request, Uri authUri, Boolean async, ICredentials credentials, Boolean preAuthenticate, Boolean isProxyAuth, Boolean doRequestAuth, HttpConnectionPool pool, CancellationToken cancellationToken)
   at System.Net.Http.RedirectHandler.SendAsync(HttpRequestMessage request, Boolean async, CancellationToken cancellationToken)
   at GitHub.Services.Common.RawHttpMessageHandler.SendAsync(HttpRequestMessage request, CancellationToken cancellationToken)
   at GitHub.Services.Common.VssHttpRetryMessageHandler.SendAsync(HttpRequestMessage request, CancellationToken cancellationToken)
   at System.Net.Http.HttpClient.<SendAsync>g__Core|83_0(HttpRequestMessage request, HttpCompletionOption completionOption, CancellationTokenSource cts, Boolean disposeCts, CancellationTokenSource pendingRequestsCts, CancellationToken originalCancellationToken)
[2025-12-02 00:14:43Z ERR  BrokerServer] #####################################################
[2025-12-02 00:14:43Z ERR  BrokerServer] System.IO.IOException: Unable to read data from the transport connection: A operação de E/S foi anulada devido a uma saída de thread ou a uma requisição de aplicativo..
 ---> System.Net.Sockets.SocketException (995): A operação de E/S foi anulada devido a uma saída de thread ou a uma requisição de aplicativo.
   --- End of inner exception stack trace ---
   at System.Net.Sockets.Socket.AwaitableSocketAsyncEventArgs.System.Threading.Tasks.Sources.IValueTaskSource<System.Int32>.GetResult(Int16 token)
   at System.Net.Security.SslStream.EnsureFullTlsFrameAsync[TIOAdapter](CancellationToken cancellationToken, Int32 estimatedSize)
   at System.Runtime.CompilerServices.PoolingAsyncValueTaskMethodBuilder`1.StateMachineBox`1.System.Threading.Tasks.Sources.IValueTaskSource<TResult>.GetResult(Int16 token)
   at System.Net.Security.SslStream.ReadAsyncInternal[TIOAdapter](Memory`1 buffer, CancellationToken cancellationToken)
   at System.Runtime.CompilerServices.PoolingAsyncValueTaskMethodBuilder`1.StateMachineBox`1.System.Threading.Tasks.Sources.IValueTaskSource<TResult>.GetResult(Int16 token)
   at System.Net.Http.HttpConnection.SendAsync(HttpRequestMessage request, Boolean async, CancellationToken cancellationToken)
[2025-12-02 00:14:43Z ERR  BrokerServer] #####################################################
[2025-12-02 00:14:43Z ERR  BrokerServer] System.Net.Sockets.SocketException (995): A operação de E/S foi anulada devido a uma saída de thread ou a uma requisição de aplicativo.
[2025-12-02 00:14:43Z WARN BrokerServer] Back off 10,905 seconds before next retry. 4 attempt left.
[2025-12-02 00:14:43Z INFO BrokerMessageListener] Get next message has been cancelled.
[2025-12-02 00:14:43Z INFO JobDispatcher] Shutting down JobDispatcher. Make sure all WorkerDispatcher has finished.
[2025-12-02 00:14:43Z INFO JobDispatcher] Ensure WorkerDispatcher for job 093b4fc8-ded5-5296-8d37-8a6072a2b73c run to finish, cancel any running job.
[2025-12-02 00:14:43Z INFO JobDispatcher] Job request 093b4fc8-ded5-5296-8d37-8a6072a2b73c processed succeed.
[2025-12-02 00:14:43Z INFO Runner] Deleting Runner Session...
[2025-12-02 00:14:44Z INFO Listener] Runner execution been cancelled.
